<?xml version="1.0" encoding="UTF-8"?>
<!-- Generated by org.testng.reporters.JUnitXMLReporter -->
<testsuite hostname="DESKTOP-J6NT3H3" ignored="0" name="Test_Firefox" tests="11" failures="8" timestamp="2020-04-27T18:49:01 IST" time="81.37" errors="0">
  <testcase name="test5" time="9.053" classname="com.wellsfargo.test.Regression"/>
  <testcase name="test3" time="9.33" classname="com.wellsfargo.test.Regression">
    <failure type="org.openqa.selenium.StaleElementReferenceException" message="The element reference of &amp;lt;select id=&amp;quot;advanced-search-state-location-39c589526b&amp;quot; class=&amp;quot;advanced-search-state&amp;quot; name=&amp;quot;State&amp;quot;&amp;gt; is stale; either the element is no longer attached to the DOM, it is not in the current frame context, or the document has been refreshed
For documentation on this error, please visit: https://www.seleniumhq.org/exceptions/stale_element_reference.html
Build info: version: &amp;apos;3.141.59&amp;apos;, revision: &amp;apos;e82be7d358&amp;apos;, time: &amp;apos;2018-11-14T08:17:03&amp;apos;
System info: host: &amp;apos;DESKTOP-J6NT3H3&amp;apos;, ip: &amp;apos;192.168.0.8&amp;apos;, os.name: &amp;apos;Windows 10&amp;apos;, os.arch: &amp;apos;amd64&amp;apos;, os.version: &amp;apos;10.0&amp;apos;, java.version: &amp;apos;1.8.0_242&amp;apos;
Driver info: org.openqa.selenium.firefox.FirefoxDriver
Capabilities {acceptInsecureCerts: true, browserName: firefox, browserVersion: 75.0, javascriptEnabled: true, moz:accessibilityChecks: false, moz:buildID: 20200403170909, moz:geckodriverVersion: 0.26.0, moz:headless: false, moz:processID: 17804, moz:profile: C:\Users\karth\AppData\Loca..., moz:shutdownTimeout: 60000, moz:useNonSpecCompliantPointerOrigin: false, moz:webdriverClick: true, pageLoadStrategy: normal, platform: WINDOWS, platformName: WINDOWS, platformVersion: 10.0, rotatable: false, setWindowRect: true, strictFileInteractability: false, timeouts: {implicit: 0, pageLoad: 300000, script: 30000}, unhandledPromptBehavior: dismiss and notify}
Session ID: 18bfc665-d86d-4e6a-8e44-2eb283dc96d7">
      <![CDATA[org.openqa.selenium.StaleElementReferenceException: The element reference of <select id="advanced-search-state-location-39c589526b" class="advanced-search-state" name="State"> is stale; either the element is no longer attached to the DOM, it is not in the current frame context, or the document has been refreshed
For documentation on this error, please visit: https://www.seleniumhq.org/exceptions/stale_element_reference.html
Build info: version: '3.141.59', revision: 'e82be7d358', time: '2018-11-14T08:17:03'
System info: host: 'DESKTOP-J6NT3H3', ip: '192.168.0.8', os.name: 'Windows 10', os.arch: 'amd64', os.version: '10.0', java.version: '1.8.0_242'
Driver info: org.openqa.selenium.firefox.FirefoxDriver
Capabilities {acceptInsecureCerts: true, browserName: firefox, browserVersion: 75.0, javascriptEnabled: true, moz:accessibilityChecks: false, moz:buildID: 20200403170909, moz:geckodriverVersion: 0.26.0, moz:headless: false, moz:processID: 17804, moz:profile: C:\Users\karth\AppData\Loca..., moz:shutdownTimeout: 60000, moz:useNonSpecCompliantPointerOrigin: false, moz:webdriverClick: true, pageLoadStrategy: normal, platform: WINDOWS, platformName: WINDOWS, platformVersion: 10.0, rotatable: false, setWindowRect: true, strictFileInteractability: false, timeouts: {implicit: 0, pageLoad: 300000, script: 30000}, unhandledPromptBehavior: dismiss and notify}
Session ID: 18bfc665-d86d-4e6a-8e44-2eb283dc96d7
at org.openqa.selenium.remote.http.W3CHttpResponseCodec.createException(W3CHttpResponseCodec.java:187)
at org.openqa.selenium.remote.http.W3CHttpResponseCodec.decode(W3CHttpResponseCodec.java:122)
at org.openqa.selenium.remote.http.W3CHttpResponseCodec.decode(W3CHttpResponseCodec.java:49)
at org.openqa.selenium.remote.HttpCommandExecutor.execute(HttpCommandExecutor.java:158)
at org.openqa.selenium.remote.service.DriverCommandExecutor.execute(DriverCommandExecutor.java:83)
at org.openqa.selenium.remote.RemoteWebDriver.execute(RemoteWebDriver.java:552)
at org.openqa.selenium.remote.RemoteWebElement.execute(RemoteWebElement.java:285)
at org.openqa.selenium.remote.RemoteWebElement.getTagName(RemoteWebElement.java:128)
at org.openqa.selenium.support.pagefactory.internal.LocatingElementHandler.invoke(LocatingElementHandler.java:51)
at com.sun.proxy.$Proxy17.getTagName(Unknown Source)
at org.openqa.selenium.support.ui.Select.<init>(Select.java:45)
at com.wellsfargo.pages.Homepage.pick_State(Homepage.java:76)
at com.wellsfargo.test.Regression.test3(Regression.java:53)
at java.util.concurrent.ThreadPoolExecutor.runWorker(ThreadPoolExecutor.java:1149)
at java.util.concurrent.ThreadPoolExecutor$Worker.run(ThreadPoolExecutor.java:624)
at java.lang.Thread.run(Thread.java:748)
... Removed 20 stack frames]]>
    </failure>
  </testcase> <!-- test3 -->
  <testcase name="test4" time="9.375" classname="com.wellsfargo.test.Regression">
    <failure type="org.openqa.selenium.StaleElementReferenceException" message="The element reference of &amp;lt;select id=&amp;quot;advanced-search-city-location-39c589526b&amp;quot; class=&amp;quot;advanced-search-city&amp;quot; name=&amp;quot;City&amp;quot;&amp;gt; is stale; either the element is no longer attached to the DOM, it is not in the current frame context, or the document has been refreshed
For documentation on this error, please visit: https://www.seleniumhq.org/exceptions/stale_element_reference.html
Build info: version: &amp;apos;3.141.59&amp;apos;, revision: &amp;apos;e82be7d358&amp;apos;, time: &amp;apos;2018-11-14T08:17:03&amp;apos;
System info: host: &amp;apos;DESKTOP-J6NT3H3&amp;apos;, ip: &amp;apos;192.168.0.8&amp;apos;, os.name: &amp;apos;Windows 10&amp;apos;, os.arch: &amp;apos;amd64&amp;apos;, os.version: &amp;apos;10.0&amp;apos;, java.version: &amp;apos;1.8.0_242&amp;apos;
Driver info: org.openqa.selenium.firefox.FirefoxDriver
Capabilities {acceptInsecureCerts: true, browserName: firefox, browserVersion: 75.0, javascriptEnabled: true, moz:accessibilityChecks: false, moz:buildID: 20200403170909, moz:geckodriverVersion: 0.26.0, moz:headless: false, moz:processID: 17804, moz:profile: C:\Users\karth\AppData\Loca..., moz:shutdownTimeout: 60000, moz:useNonSpecCompliantPointerOrigin: false, moz:webdriverClick: true, pageLoadStrategy: normal, platform: WINDOWS, platformName: WINDOWS, platformVersion: 10.0, rotatable: false, setWindowRect: true, strictFileInteractability: false, timeouts: {implicit: 0, pageLoad: 300000, script: 30000}, unhandledPromptBehavior: dismiss and notify}
Session ID: 18bfc665-d86d-4e6a-8e44-2eb283dc96d7">
      <![CDATA[org.openqa.selenium.StaleElementReferenceException: The element reference of <select id="advanced-search-city-location-39c589526b" class="advanced-search-city" name="City"> is stale; either the element is no longer attached to the DOM, it is not in the current frame context, or the document has been refreshed
For documentation on this error, please visit: https://www.seleniumhq.org/exceptions/stale_element_reference.html
Build info: version: '3.141.59', revision: 'e82be7d358', time: '2018-11-14T08:17:03'
System info: host: 'DESKTOP-J6NT3H3', ip: '192.168.0.8', os.name: 'Windows 10', os.arch: 'amd64', os.version: '10.0', java.version: '1.8.0_242'
Driver info: org.openqa.selenium.firefox.FirefoxDriver
Capabilities {acceptInsecureCerts: true, browserName: firefox, browserVersion: 75.0, javascriptEnabled: true, moz:accessibilityChecks: false, moz:buildID: 20200403170909, moz:geckodriverVersion: 0.26.0, moz:headless: false, moz:processID: 17804, moz:profile: C:\Users\karth\AppData\Loca..., moz:shutdownTimeout: 60000, moz:useNonSpecCompliantPointerOrigin: false, moz:webdriverClick: true, pageLoadStrategy: normal, platform: WINDOWS, platformName: WINDOWS, platformVersion: 10.0, rotatable: false, setWindowRect: true, strictFileInteractability: false, timeouts: {implicit: 0, pageLoad: 300000, script: 30000}, unhandledPromptBehavior: dismiss and notify}
Session ID: 18bfc665-d86d-4e6a-8e44-2eb283dc96d7
at org.openqa.selenium.remote.http.W3CHttpResponseCodec.createException(W3CHttpResponseCodec.java:187)
at org.openqa.selenium.remote.http.W3CHttpResponseCodec.decode(W3CHttpResponseCodec.java:122)
at org.openqa.selenium.remote.http.W3CHttpResponseCodec.decode(W3CHttpResponseCodec.java:49)
at org.openqa.selenium.remote.HttpCommandExecutor.execute(HttpCommandExecutor.java:158)
at org.openqa.selenium.remote.service.DriverCommandExecutor.execute(DriverCommandExecutor.java:83)
at org.openqa.selenium.remote.RemoteWebDriver.execute(RemoteWebDriver.java:552)
at org.openqa.selenium.remote.RemoteWebElement.execute(RemoteWebElement.java:285)
at org.openqa.selenium.remote.RemoteWebElement.getTagName(RemoteWebElement.java:128)
at org.openqa.selenium.support.pagefactory.internal.LocatingElementHandler.invoke(LocatingElementHandler.java:51)
at com.sun.proxy.$Proxy17.getTagName(Unknown Source)
at org.openqa.selenium.support.ui.Select.<init>(Select.java:45)
at com.wellsfargo.pages.Homepage.pick_City(Homepage.java:98)
at com.wellsfargo.test.Regression.test4(Regression.java:61)
at java.util.concurrent.ThreadPoolExecutor.runWorker(ThreadPoolExecutor.java:1149)
at java.util.concurrent.ThreadPoolExecutor$Worker.run(ThreadPoolExecutor.java:624)
at java.lang.Thread.run(Thread.java:748)
... Removed 20 stack frames]]>
    </failure>
  </testcase> <!-- test4 -->
  <testcase name="test2" time="9.376" classname="com.wellsfargo.test.Regression">
    <failure type="org.openqa.selenium.StaleElementReferenceException" message="The element reference of &amp;lt;select id=&amp;quot;advanced-search-country-location-39c589526b&amp;quot; class=&amp;quot;advanced-search-country&amp;quot; name=&amp;quot;Country&amp;quot;&amp;gt; is stale; either the element is no longer attached to the DOM, it is not in the current frame context, or the document has been refreshed
For documentation on this error, please visit: https://www.seleniumhq.org/exceptions/stale_element_reference.html
Build info: version: &amp;apos;3.141.59&amp;apos;, revision: &amp;apos;e82be7d358&amp;apos;, time: &amp;apos;2018-11-14T08:17:03&amp;apos;
System info: host: &amp;apos;DESKTOP-J6NT3H3&amp;apos;, ip: &amp;apos;192.168.0.8&amp;apos;, os.name: &amp;apos;Windows 10&amp;apos;, os.arch: &amp;apos;amd64&amp;apos;, os.version: &amp;apos;10.0&amp;apos;, java.version: &amp;apos;1.8.0_242&amp;apos;
Driver info: org.openqa.selenium.firefox.FirefoxDriver
Capabilities {acceptInsecureCerts: true, browserName: firefox, browserVersion: 75.0, javascriptEnabled: true, moz:accessibilityChecks: false, moz:buildID: 20200403170909, moz:geckodriverVersion: 0.26.0, moz:headless: false, moz:processID: 17804, moz:profile: C:\Users\karth\AppData\Loca..., moz:shutdownTimeout: 60000, moz:useNonSpecCompliantPointerOrigin: false, moz:webdriverClick: true, pageLoadStrategy: normal, platform: WINDOWS, platformName: WINDOWS, platformVersion: 10.0, rotatable: false, setWindowRect: true, strictFileInteractability: false, timeouts: {implicit: 0, pageLoad: 300000, script: 30000}, unhandledPromptBehavior: dismiss and notify}
Session ID: 18bfc665-d86d-4e6a-8e44-2eb283dc96d7">
      <![CDATA[org.openqa.selenium.StaleElementReferenceException: The element reference of <select id="advanced-search-country-location-39c589526b" class="advanced-search-country" name="Country"> is stale; either the element is no longer attached to the DOM, it is not in the current frame context, or the document has been refreshed
For documentation on this error, please visit: https://www.seleniumhq.org/exceptions/stale_element_reference.html
Build info: version: '3.141.59', revision: 'e82be7d358', time: '2018-11-14T08:17:03'
System info: host: 'DESKTOP-J6NT3H3', ip: '192.168.0.8', os.name: 'Windows 10', os.arch: 'amd64', os.version: '10.0', java.version: '1.8.0_242'
Driver info: org.openqa.selenium.firefox.FirefoxDriver
Capabilities {acceptInsecureCerts: true, browserName: firefox, browserVersion: 75.0, javascriptEnabled: true, moz:accessibilityChecks: false, moz:buildID: 20200403170909, moz:geckodriverVersion: 0.26.0, moz:headless: false, moz:processID: 17804, moz:profile: C:\Users\karth\AppData\Loca..., moz:shutdownTimeout: 60000, moz:useNonSpecCompliantPointerOrigin: false, moz:webdriverClick: true, pageLoadStrategy: normal, platform: WINDOWS, platformName: WINDOWS, platformVersion: 10.0, rotatable: false, setWindowRect: true, strictFileInteractability: false, timeouts: {implicit: 0, pageLoad: 300000, script: 30000}, unhandledPromptBehavior: dismiss and notify}
Session ID: 18bfc665-d86d-4e6a-8e44-2eb283dc96d7
at org.openqa.selenium.remote.http.W3CHttpResponseCodec.createException(W3CHttpResponseCodec.java:187)
at org.openqa.selenium.remote.http.W3CHttpResponseCodec.decode(W3CHttpResponseCodec.java:122)
at org.openqa.selenium.remote.http.W3CHttpResponseCodec.decode(W3CHttpResponseCodec.java:49)
at org.openqa.selenium.remote.HttpCommandExecutor.execute(HttpCommandExecutor.java:158)
at org.openqa.selenium.remote.service.DriverCommandExecutor.execute(DriverCommandExecutor.java:83)
at org.openqa.selenium.remote.RemoteWebDriver.execute(RemoteWebDriver.java:552)
at org.openqa.selenium.remote.RemoteWebElement.execute(RemoteWebElement.java:285)
at org.openqa.selenium.remote.RemoteWebElement.getTagName(RemoteWebElement.java:128)
at org.openqa.selenium.support.pagefactory.internal.LocatingElementHandler.invoke(LocatingElementHandler.java:51)
at com.sun.proxy.$Proxy17.getTagName(Unknown Source)
at org.openqa.selenium.support.ui.Select.<init>(Select.java:45)
at com.wellsfargo.pages.Homepage.pick_Country(Homepage.java:54)
at com.wellsfargo.test.Regression.test2(Regression.java:45)
at java.util.concurrent.ThreadPoolExecutor.runWorker(ThreadPoolExecutor.java:1149)
at java.util.concurrent.ThreadPoolExecutor$Worker.run(ThreadPoolExecutor.java:624)
at java.lang.Thread.run(Thread.java:748)
... Removed 20 stack frames]]>
    </failure>
  </testcase> <!-- test2 -->
  <testcase name="test1" time="9.462" classname="com.wellsfargo.test.Regression">
    <failure type="org.openqa.selenium.StaleElementReferenceException" message="The element reference of &amp;lt;input id=&amp;quot;advanced-search-keyword-39c589526b&amp;quot; class=&amp;quot;advanced-search-keyword valid&amp;quot; name=&amp;quot;k&amp;quot; type=&amp;quot;search&amp;quot;&amp;gt; is stale; either the element is no longer attached to the DOM, it is not in the current frame context, or the document has been refreshed
For documentation on this error, please visit: https://www.seleniumhq.org/exceptions/stale_element_reference.html
Build info: version: &amp;apos;3.141.59&amp;apos;, revision: &amp;apos;e82be7d358&amp;apos;, time: &amp;apos;2018-11-14T08:17:03&amp;apos;
System info: host: &amp;apos;DESKTOP-J6NT3H3&amp;apos;, ip: &amp;apos;192.168.0.8&amp;apos;, os.name: &amp;apos;Windows 10&amp;apos;, os.arch: &amp;apos;amd64&amp;apos;, os.version: &amp;apos;10.0&amp;apos;, java.version: &amp;apos;1.8.0_242&amp;apos;
Driver info: org.openqa.selenium.firefox.FirefoxDriver
Capabilities {acceptInsecureCerts: true, browserName: firefox, browserVersion: 75.0, javascriptEnabled: true, moz:accessibilityChecks: false, moz:buildID: 20200403170909, moz:geckodriverVersion: 0.26.0, moz:headless: false, moz:processID: 17804, moz:profile: C:\Users\karth\AppData\Loca..., moz:shutdownTimeout: 60000, moz:useNonSpecCompliantPointerOrigin: false, moz:webdriverClick: true, pageLoadStrategy: normal, platform: WINDOWS, platformName: WINDOWS, platformVersion: 10.0, rotatable: false, setWindowRect: true, strictFileInteractability: false, timeouts: {implicit: 0, pageLoad: 300000, script: 30000}, unhandledPromptBehavior: dismiss and notify}
Session ID: 18bfc665-d86d-4e6a-8e44-2eb283dc96d7">
      <![CDATA[org.openqa.selenium.StaleElementReferenceException: The element reference of <input id="advanced-search-keyword-39c589526b" class="advanced-search-keyword valid" name="k" type="search"> is stale; either the element is no longer attached to the DOM, it is not in the current frame context, or the document has been refreshed
For documentation on this error, please visit: https://www.seleniumhq.org/exceptions/stale_element_reference.html
Build info: version: '3.141.59', revision: 'e82be7d358', time: '2018-11-14T08:17:03'
System info: host: 'DESKTOP-J6NT3H3', ip: '192.168.0.8', os.name: 'Windows 10', os.arch: 'amd64', os.version: '10.0', java.version: '1.8.0_242'
Driver info: org.openqa.selenium.firefox.FirefoxDriver
Capabilities {acceptInsecureCerts: true, browserName: firefox, browserVersion: 75.0, javascriptEnabled: true, moz:accessibilityChecks: false, moz:buildID: 20200403170909, moz:geckodriverVersion: 0.26.0, moz:headless: false, moz:processID: 17804, moz:profile: C:\Users\karth\AppData\Loca..., moz:shutdownTimeout: 60000, moz:useNonSpecCompliantPointerOrigin: false, moz:webdriverClick: true, pageLoadStrategy: normal, platform: WINDOWS, platformName: WINDOWS, platformVersion: 10.0, rotatable: false, setWindowRect: true, strictFileInteractability: false, timeouts: {implicit: 0, pageLoad: 300000, script: 30000}, unhandledPromptBehavior: dismiss and notify}
Session ID: 18bfc665-d86d-4e6a-8e44-2eb283dc96d7
at org.openqa.selenium.remote.http.W3CHttpResponseCodec.createException(W3CHttpResponseCodec.java:187)
at org.openqa.selenium.remote.http.W3CHttpResponseCodec.decode(W3CHttpResponseCodec.java:122)
at org.openqa.selenium.remote.http.W3CHttpResponseCodec.decode(W3CHttpResponseCodec.java:49)
at org.openqa.selenium.remote.HttpCommandExecutor.execute(HttpCommandExecutor.java:158)
at org.openqa.selenium.remote.service.DriverCommandExecutor.execute(DriverCommandExecutor.java:83)
at org.openqa.selenium.remote.RemoteWebDriver.execute(RemoteWebDriver.java:552)
at org.openqa.selenium.remote.RemoteWebElement.execute(RemoteWebElement.java:285)
at org.openqa.selenium.remote.RemoteWebElement.sendKeys(RemoteWebElement.java:106)
at org.openqa.selenium.support.pagefactory.internal.LocatingElementHandler.invoke(LocatingElementHandler.java:51)
at com.sun.proxy.$Proxy17.sendKeys(Unknown Source)
at com.wellsfargo.pages.Homepage.enterDescription(Homepage.java:46)
at com.wellsfargo.test.Regression.test1(Regression.java:38)
at java.util.concurrent.ThreadPoolExecutor.runWorker(ThreadPoolExecutor.java:1149)
at java.util.concurrent.ThreadPoolExecutor$Worker.run(ThreadPoolExecutor.java:624)
at java.lang.Thread.run(Thread.java:748)
... Removed 20 stack frames]]>
    </failure>
  </testcase> <!-- test1 -->
  <testcase name="test6" time="0.257" classname="com.wellsfargo.test.Regression">
    <failure type="java.lang.NullPointerException">
      <![CDATA[java.lang.NullPointerException
at com.wellsfargo.pages.SearchResult.verifySearchGrid(SearchResult.java:46)
at com.wellsfargo.test.Regression.test6(Regression.java:76)
at java.util.concurrent.ThreadPoolExecutor.runWorker(ThreadPoolExecutor.java:1149)
at java.util.concurrent.ThreadPoolExecutor$Worker.run(ThreadPoolExecutor.java:624)
at java.lang.Thread.run(Thread.java:748)
... Removed 12 stack frames]]>
    </failure>
  </testcase> <!-- test6 -->
  <testcase name="test7" time="10.042" classname="com.wellsfargo.test.Regression"/>
  <testcase name="test8" time="30.748" classname="com.wellsfargo.test.Regression"/>
  <testcase name="test10" time="40.676" classname="com.wellsfargo.test.Regression">
    <failure type="org.openqa.selenium.TimeoutException" message="Expected condition failed: waiting for visibility of Proxy element for: DefaultElementLocator &amp;apos;By.xpath: //form[@class = &amp;apos;data-form hidden-ja-form &amp;apos;]//select[@id=&amp;apos;form-field-96164c2dd1&amp;apos;]&amp;apos; (tried for 30 second(s) with 500 milliseconds interval)">
      <![CDATA[org.openqa.selenium.TimeoutException: Expected condition failed: waiting for visibility of Proxy element for: DefaultElementLocator 'By.xpath: //form[@class = 'data-form hidden-ja-form ']//select[@id='form-field-96164c2dd1']' (tried for 30 second(s) with 500 milliseconds interval)
at org.openqa.selenium.support.ui.WebDriverWait.timeoutException(WebDriverWait.java:95)
at org.openqa.selenium.support.ui.FluentWait.until(FluentWait.java:272)
at com.wellsfargo.pages.Signup.select_MeetinPerson(Signup.java:115)
at com.wellsfargo.test.Regression.test10(Regression.java:112)
at java.util.concurrent.ThreadPoolExecutor.runWorker(ThreadPoolExecutor.java:1149)
at java.util.concurrent.ThreadPoolExecutor$Worker.run(ThreadPoolExecutor.java:624)
at java.lang.Thread.run(Thread.java:748)
Caused by: org.openqa.selenium.NoSuchElementException: Unable to locate element: //form[@class = 'data-form hidden-ja-form ']//select[@id='form-field-96164c2dd1']
For documentation on this error, please visit: https://www.seleniumhq.org/exceptions/no_such_element.html
Build info: version: '3.141.59', revision: 'e82be7d358', time: '2018-11-14T08:17:03'
System info: host: 'DESKTOP-J6NT3H3', ip: '192.168.0.8', os.name: 'Windows 10', os.arch: 'amd64', os.version: '10.0', java.version: '1.8.0_242'
Driver info: org.openqa.selenium.firefox.FirefoxDriver
Capabilities {acceptInsecureCerts: true, browserName: firefox, browserVersion: 75.0, javascriptEnabled: true, moz:accessibilityChecks: false, moz:buildID: 20200403170909, moz:geckodriverVersion: 0.26.0, moz:headless: false, moz:processID: 17804, moz:profile: C:\Users\karth\AppData\Loca..., moz:shutdownTimeout: 60000, moz:useNonSpecCompliantPointerOrigin: false, moz:webdriverClick: true, pageLoadStrategy: normal, platform: WINDOWS, platformName: WINDOWS, platformVersion: 10.0, rotatable: false, setWindowRect: true, strictFileInteractability: false, timeouts: {implicit: 0, pageLoad: 300000, script: 30000}, unhandledPromptBehavior: dismiss and notify}
Session ID: 18bfc665-d86d-4e6a-8e44-2eb283dc96d7
*** Element info: {Using=xpath, value=//form[@class = 'data-form hidden-ja-form ']//select[@id='form-field-96164c2dd1']}
at org.openqa.selenium.remote.http.W3CHttpResponseCodec.createException(W3CHttpResponseCodec.java:187)
at org.openqa.selenium.remote.http.W3CHttpResponseCodec.decode(W3CHttpResponseCodec.java:122)
at org.openqa.selenium.remote.http.W3CHttpResponseCodec.decode(W3CHttpResponseCodec.java:49)
at org.openqa.selenium.remote.HttpCommandExecutor.execute(HttpCommandExecutor.java:158)
at org.openqa.selenium.remote.service.DriverCommandExecutor.execute(DriverCommandExecutor.java:83)
at org.openqa.selenium.remote.RemoteWebDriver.execute(RemoteWebDriver.java:552)
at org.openqa.selenium.remote.RemoteWebDriver.findElement(RemoteWebDriver.java:323)
at org.openqa.selenium.remote.RemoteWebDriver.findElementByXPath(RemoteWebDriver.java:428)
at org.openqa.selenium.By$ByXPath.findElement(By.java:353)
at org.openqa.selenium.remote.RemoteWebDriver.findElement(RemoteWebDriver.java:315)
at org.openqa.selenium.support.pagefactory.DefaultElementLocator.findElement(DefaultElementLocator.java:69)
at org.openqa.selenium.support.pagefactory.internal.LocatingElementHandler.invoke(LocatingElementHandler.java:38)
at com.sun.proxy.$Proxy17.isDisplayed(Unknown Source)
at org.openqa.selenium.support.ui.ExpectedConditions.elementIfVisible(ExpectedConditions.java:314)
at org.openqa.selenium.support.ui.ExpectedConditions.access$000(ExpectedConditions.java:43)
at org.openqa.selenium.support.ui.ExpectedConditions$10.apply(ExpectedConditions.java:300)
at org.openqa.selenium.support.ui.ExpectedConditions$10.apply(ExpectedConditions.java:297)
at org.openqa.selenium.support.ui.FluentWait.until(FluentWait.java:249)
... 17 more
... Removed 16 stack frames]]>
    </failure>
  </testcase> <!-- test10 -->
  <testcase name="test9" time="40.915" classname="com.wellsfargo.test.Regression">
    <failure type="java.lang.AssertionError" message="expected [Job Category] but found [Category]">
      <![CDATA[java.lang.AssertionError: expected [Job Category] but found [Category]
at com.wellsfargo.pages.Signup.verifyAllLabels(Signup.java:104)
at com.wellsfargo.test.Regression.test9(Regression.java:106)
at java.util.concurrent.ThreadPoolExecutor.runWorker(ThreadPoolExecutor.java:1149)
at java.util.concurrent.ThreadPoolExecutor$Worker.run(ThreadPoolExecutor.java:624)
at java.lang.Thread.run(Thread.java:748)
... Removed 17 stack frames]]>
    </failure>
  </testcase> <!-- test9 -->
  <testcase name="testa1" time="42.112" classname="com.wellsfargo.test.Regression">
    <failure type="org.openqa.selenium.ElementClickInterceptedException" message="Element &amp;lt;select id=&amp;quot;advanced-search-country-location-0eda64116e&amp;quot; class=&amp;quot;advanced-search-country&amp;quot; name=&amp;quot;Country&amp;quot;&amp;gt; is not clickable at point (705,825) because another element &amp;lt;div class=&amp;quot;fancybox-slide fancybox-slide--inline fancybox-slide--current fancybox-slide--complete&amp;quot;&amp;gt; obscures it
Build info: version: &amp;apos;3.141.59&amp;apos;, revision: &amp;apos;e82be7d358&amp;apos;, time: &amp;apos;2018-11-14T08:17:03&amp;apos;
System info: host: &amp;apos;DESKTOP-J6NT3H3&amp;apos;, ip: &amp;apos;192.168.0.8&amp;apos;, os.name: &amp;apos;Windows 10&amp;apos;, os.arch: &amp;apos;amd64&amp;apos;, os.version: &amp;apos;10.0&amp;apos;, java.version: &amp;apos;1.8.0_242&amp;apos;
Driver info: org.openqa.selenium.firefox.FirefoxDriver
Capabilities {acceptInsecureCerts: true, browserName: firefox, browserVersion: 75.0, javascriptEnabled: true, moz:accessibilityChecks: false, moz:buildID: 20200403170909, moz:geckodriverVersion: 0.26.0, moz:headless: false, moz:processID: 17804, moz:profile: C:\Users\karth\AppData\Loca..., moz:shutdownTimeout: 60000, moz:useNonSpecCompliantPointerOrigin: false, moz:webdriverClick: true, pageLoadStrategy: normal, platform: WINDOWS, platformName: WINDOWS, platformVersion: 10.0, rotatable: false, setWindowRect: true, strictFileInteractability: false, timeouts: {implicit: 0, pageLoad: 300000, script: 30000}, unhandledPromptBehavior: dismiss and notify}
Session ID: 18bfc665-d86d-4e6a-8e44-2eb283dc96d7">
      <![CDATA[org.openqa.selenium.ElementClickInterceptedException: Element <select id="advanced-search-country-location-0eda64116e" class="advanced-search-country" name="Country"> is not clickable at point (705,825) because another element <div class="fancybox-slide fancybox-slide--inline fancybox-slide--current fancybox-slide--complete"> obscures it
Build info: version: '3.141.59', revision: 'e82be7d358', time: '2018-11-14T08:17:03'
System info: host: 'DESKTOP-J6NT3H3', ip: '192.168.0.8', os.name: 'Windows 10', os.arch: 'amd64', os.version: '10.0', java.version: '1.8.0_242'
Driver info: org.openqa.selenium.firefox.FirefoxDriver
Capabilities {acceptInsecureCerts: true, browserName: firefox, browserVersion: 75.0, javascriptEnabled: true, moz:accessibilityChecks: false, moz:buildID: 20200403170909, moz:geckodriverVersion: 0.26.0, moz:headless: false, moz:processID: 17804, moz:profile: C:\Users\karth\AppData\Loca..., moz:shutdownTimeout: 60000, moz:useNonSpecCompliantPointerOrigin: false, moz:webdriverClick: true, pageLoadStrategy: normal, platform: WINDOWS, platformName: WINDOWS, platformVersion: 10.0, rotatable: false, setWindowRect: true, strictFileInteractability: false, timeouts: {implicit: 0, pageLoad: 300000, script: 30000}, unhandledPromptBehavior: dismiss and notify}
Session ID: 18bfc665-d86d-4e6a-8e44-2eb283dc96d7
at org.openqa.selenium.remote.http.W3CHttpResponseCodec.createException(W3CHttpResponseCodec.java:187)
at org.openqa.selenium.remote.http.W3CHttpResponseCodec.decode(W3CHttpResponseCodec.java:122)
at org.openqa.selenium.remote.http.W3CHttpResponseCodec.decode(W3CHttpResponseCodec.java:49)
at org.openqa.selenium.remote.HttpCommandExecutor.execute(HttpCommandExecutor.java:158)
at org.openqa.selenium.remote.service.DriverCommandExecutor.execute(DriverCommandExecutor.java:83)
at org.openqa.selenium.remote.RemoteWebDriver.execute(RemoteWebDriver.java:552)
at org.openqa.selenium.remote.RemoteWebElement.execute(RemoteWebElement.java:285)
at org.openqa.selenium.remote.RemoteWebElement.click(RemoteWebElement.java:84)
at org.openqa.selenium.support.pagefactory.internal.LocatingElementHandler.invoke(LocatingElementHandler.java:51)
at com.sun.proxy.$Proxy17.click(Unknown Source)
at com.wellsfargo.pages.Homepage.clearCountyRegion(Homepage.java:143)
at com.wellsfargo.test.Regression.testa1(Regression.java:86)
at java.util.concurrent.ThreadPoolExecutor.runWorker(ThreadPoolExecutor.java:1149)
at java.util.concurrent.ThreadPoolExecutor$Worker.run(ThreadPoolExecutor.java:624)
at java.lang.Thread.run(Thread.java:748)
... Removed 20 stack frames]]>
    </failure>
  </testcase> <!-- testa1 -->
</testsuite> <!-- Test_Firefox -->
