<?xml version="1.0" encoding="UTF-8"?>
<!-- Generated by org.testng.reporters.JUnitXMLReporter -->
<testsuite hostname="DESKTOP-J6NT3H3" ignored="0" name="Test_Edge" tests="2" failures="0" timestamp="2020-04-28T19:44:25 IST" time="17.187" errors="0">
  <testcase name="verify_Login_API" time="0.0" classname="com.radio.test.Regression">
    <skipped/>
  </testcase> <!-- verify_Login_API -->
  <testcase name="test1" time="0.0" classname="com.radio.test.Regression">
    <skipped/>
  </testcase> <!-- test1 -->
</testsuite> <!-- Test_Edge -->
