<?xml version="1.0" encoding="UTF-8"?>
<testng-results skipped="0" failed="21" ignored="0" total="33" passed="12">
  <reporter-output>
  </reporter-output>
  <suite name="com.wellsfargo.test" duration-ms="275265" started-at="2020-04-28T09:46:57 IST" finished-at="2020-04-28T09:51:32 IST">
    <groups>
    </groups>
    <test name="Test_Firefox" duration-ms="101116" started-at="2020-04-28T09:46:57 IST" finished-at="2020-04-28T09:48:38 IST">
      <class name="com.radio.test.Regression">
        <test-method status="PASS" signature="setUp_Test(java.lang.String, java.lang.String)[pri:0, instance:com.radio.test.Regression@1e6d1014]" name="setUp_Test" is-config="true" duration-ms="23127" started-at="2020-04-28T09:46:57 IST" finished-at="2020-04-28T09:47:20 IST">
          <params>
            <param index="0">
              <value>
                <![CDATA[firefox]]>
              </value>
            </param>
            <param index="1">
              <value>
                <![CDATA[]]>
              </value>
            </param>
          </params>
          <reporter-output>
          </reporter-output>
        </test-method> <!-- setUp_Test -->
        <test-method status="PASS" signature="set_Prerequisite()[pri:0, instance:com.radio.test.Regression@1e6d1014]" name="set_Prerequisite" is-config="true" duration-ms="89" started-at="2020-04-28T09:47:20 IST" finished-at="2020-04-28T09:47:20 IST">
          <reporter-output>
          </reporter-output>
        </test-method> <!-- set_Prerequisite -->
        <test-method status="PASS" signature="start_Test(java.lang.reflect.Method)[pri:0, instance:com.radio.test.Regression@1e6d1014]" name="start_Test" is-config="true" duration-ms="17" started-at="2020-04-28T09:47:20 IST" finished-at="2020-04-28T09:47:20 IST">
          <params>
            <param index="0">
              <value>
                <![CDATA[public void com.radio.test.Regression.test1()]]>
              </value>
            </param>
          </params>
          <reporter-output>
          </reporter-output>
        </test-method> <!-- start_Test -->
        <test-method status="PASS" signature="start_Test(java.lang.reflect.Method)[pri:0, instance:com.radio.test.Regression@1e6d1014]" name="start_Test" is-config="true" duration-ms="17" started-at="2020-04-28T09:47:20 IST" finished-at="2020-04-28T09:47:20 IST">
          <params>
            <param index="0">
              <value>
                <![CDATA[public void com.radio.test.Regression.test3()]]>
              </value>
            </param>
          </params>
          <reporter-output>
          </reporter-output>
        </test-method> <!-- start_Test -->
        <test-method status="PASS" signature="start_Test(java.lang.reflect.Method)[pri:0, instance:com.radio.test.Regression@1e6d1014]" name="start_Test" is-config="true" duration-ms="18" started-at="2020-04-28T09:47:20 IST" finished-at="2020-04-28T09:47:20 IST">
          <params>
            <param index="0">
              <value>
                <![CDATA[public void com.radio.test.Regression.test2()]]>
              </value>
            </param>
          </params>
          <reporter-output>
          </reporter-output>
        </test-method> <!-- start_Test -->
        <test-method status="FAIL" signature="test2()[pri:2, instance:com.radio.test.Regression@1e6d1014]" name="test2" duration-ms="1753" started-at="2020-04-28T09:47:20 IST" finished-at="2020-04-28T09:47:22 IST">
          <exception class="java.lang.AssertionError">
            <message>
              <![CDATA[did not expect to find [true] but found [false]]]>
            </message>
            <full-stacktrace>
              <![CDATA[java.lang.AssertionError: did not expect to find [true] but found [false]
at org.testng.Assert.fail(Assert.java:97)
at org.testng.Assert.failNotEquals(Assert.java:969)
at org.testng.Assert.assertTrue(Assert.java:43)
at org.testng.Assert.assertTrue(Assert.java:53)
at com.radio.test.Regression.test2(Regression.java:48)
at sun.reflect.NativeMethodAccessorImpl.invoke0(Native Method)
at sun.reflect.NativeMethodAccessorImpl.invoke(NativeMethodAccessorImpl.java:62)
at sun.reflect.DelegatingMethodAccessorImpl.invoke(DelegatingMethodAccessorImpl.java:43)
at java.lang.reflect.Method.invoke(Method.java:498)
at org.testng.internal.MethodInvocationHelper.invokeMethod(MethodInvocationHelper.java:133)
at org.testng.internal.TestInvoker.invokeMethod(TestInvoker.java:584)
at org.testng.internal.TestInvoker.invokeTestMethod(TestInvoker.java:172)
at org.testng.internal.MethodRunner.runInSequence(MethodRunner.java:46)
at org.testng.internal.TestInvoker$MethodInvocationAgent.invoke(TestInvoker.java:804)
at org.testng.internal.TestInvoker.invokeTestMethods(TestInvoker.java:145)
at org.testng.internal.TestMethodWorker.invokeTestMethods(TestMethodWorker.java:146)
at org.testng.internal.TestMethodWorker.run(TestMethodWorker.java:128)
at java.util.concurrent.ThreadPoolExecutor.runWorker(ThreadPoolExecutor.java:1149)
at java.util.concurrent.ThreadPoolExecutor$Worker.run(ThreadPoolExecutor.java:624)
at java.lang.Thread.run(Thread.java:748)
]]>
            </full-stacktrace>
          </exception> <!-- java.lang.AssertionError -->
          <reporter-output>
          </reporter-output>
        </test-method> <!-- test2 -->
        <test-method status="FAIL" signature="test3()[pri:3, instance:com.radio.test.Regression@1e6d1014]" name="test3" duration-ms="1740" started-at="2020-04-28T09:47:20 IST" finished-at="2020-04-28T09:47:22 IST">
          <exception class="java.lang.AssertionError">
            <message>
              <![CDATA[did not expect to find [true] but found [false]]]>
            </message>
            <full-stacktrace>
              <![CDATA[java.lang.AssertionError: did not expect to find [true] but found [false]
at org.testng.Assert.fail(Assert.java:97)
at org.testng.Assert.failNotEquals(Assert.java:969)
at org.testng.Assert.assertTrue(Assert.java:43)
at org.testng.Assert.assertTrue(Assert.java:53)
at com.radio.test.Regression.test3(Regression.java:56)
at sun.reflect.NativeMethodAccessorImpl.invoke0(Native Method)
at sun.reflect.NativeMethodAccessorImpl.invoke(NativeMethodAccessorImpl.java:62)
at sun.reflect.DelegatingMethodAccessorImpl.invoke(DelegatingMethodAccessorImpl.java:43)
at java.lang.reflect.Method.invoke(Method.java:498)
at org.testng.internal.MethodInvocationHelper.invokeMethod(MethodInvocationHelper.java:133)
at org.testng.internal.TestInvoker.invokeMethod(TestInvoker.java:584)
at org.testng.internal.TestInvoker.invokeTestMethod(TestInvoker.java:172)
at org.testng.internal.MethodRunner.runInSequence(MethodRunner.java:46)
at org.testng.internal.TestInvoker$MethodInvocationAgent.invoke(TestInvoker.java:804)
at org.testng.internal.TestInvoker.invokeTestMethods(TestInvoker.java:145)
at org.testng.internal.TestMethodWorker.invokeTestMethods(TestMethodWorker.java:146)
at org.testng.internal.TestMethodWorker.run(TestMethodWorker.java:128)
at java.util.concurrent.ThreadPoolExecutor.runWorker(ThreadPoolExecutor.java:1149)
at java.util.concurrent.ThreadPoolExecutor$Worker.run(ThreadPoolExecutor.java:624)
at java.lang.Thread.run(Thread.java:748)
]]>
            </full-stacktrace>
          </exception> <!-- java.lang.AssertionError -->
          <reporter-output>
          </reporter-output>
        </test-method> <!-- test3 -->
        <test-method status="PASS" signature="test1()[pri:1, instance:com.radio.test.Regression@1e6d1014]" name="test1" duration-ms="744" started-at="2020-04-28T09:47:20 IST" finished-at="2020-04-28T09:47:21 IST">
          <reporter-output>
          </reporter-output>
        </test-method> <!-- test1 -->
        <test-method status="PASS" signature="end_Testcase()[pri:0, instance:com.radio.test.Regression@1e6d1014]" name="end_Testcase" is-config="true" duration-ms="613" started-at="2020-04-28T09:47:21 IST" finished-at="2020-04-28T09:47:22 IST">
          <reporter-output>
          </reporter-output>
        </test-method> <!-- end_Testcase -->
        <test-method status="PASS" signature="start_Test(java.lang.reflect.Method)[pri:0, instance:com.radio.test.Regression@1e6d1014]" name="start_Test" is-config="true" duration-ms="1" started-at="2020-04-28T09:47:22 IST" finished-at="2020-04-28T09:47:22 IST">
          <params>
            <param index="0">
              <value>
                <![CDATA[public void com.radio.test.Regression.test4()]]>
              </value>
            </param>
          </params>
          <reporter-output>
          </reporter-output>
        </test-method> <!-- start_Test -->
        <test-method status="FAIL" signature="test4()[pri:4, instance:com.radio.test.Regression@1e6d1014]" name="test4" duration-ms="13980" started-at="2020-04-28T09:47:22 IST" finished-at="2020-04-28T09:47:36 IST">
          <exception class="java.lang.AssertionError">
            <message>
              <![CDATA[did not expect to find [true] but found [false]]]>
            </message>
            <full-stacktrace>
              <![CDATA[java.lang.AssertionError: did not expect to find [true] but found [false]
at org.testng.Assert.fail(Assert.java:97)
at org.testng.Assert.failNotEquals(Assert.java:969)
at org.testng.Assert.assertTrue(Assert.java:43)
at org.testng.Assert.assertTrue(Assert.java:53)
at com.radio.test.Regression.test4(Regression.java:64)
at sun.reflect.NativeMethodAccessorImpl.invoke0(Native Method)
at sun.reflect.NativeMethodAccessorImpl.invoke(NativeMethodAccessorImpl.java:62)
at sun.reflect.DelegatingMethodAccessorImpl.invoke(DelegatingMethodAccessorImpl.java:43)
at java.lang.reflect.Method.invoke(Method.java:498)
at org.testng.internal.MethodInvocationHelper.invokeMethod(MethodInvocationHelper.java:133)
at org.testng.internal.TestInvoker.invokeMethod(TestInvoker.java:584)
at org.testng.internal.TestInvoker.invokeTestMethod(TestInvoker.java:172)
at org.testng.internal.MethodRunner.runInSequence(MethodRunner.java:46)
at org.testng.internal.TestInvoker$MethodInvocationAgent.invoke(TestInvoker.java:804)
at org.testng.internal.TestInvoker.invokeTestMethods(TestInvoker.java:145)
at org.testng.internal.TestMethodWorker.invokeTestMethods(TestMethodWorker.java:146)
at org.testng.internal.TestMethodWorker.run(TestMethodWorker.java:128)
at java.util.concurrent.ThreadPoolExecutor.runWorker(ThreadPoolExecutor.java:1149)
at java.util.concurrent.ThreadPoolExecutor$Worker.run(ThreadPoolExecutor.java:624)
at java.lang.Thread.run(Thread.java:748)
]]>
            </full-stacktrace>
          </exception> <!-- java.lang.AssertionError -->
          <reporter-output>
          </reporter-output>
        </test-method> <!-- test4 -->
        <test-method status="PASS" signature="end_Testcase()[pri:0, instance:com.radio.test.Regression@1e6d1014]" name="end_Testcase" is-config="true" duration-ms="148" started-at="2020-04-28T09:47:22 IST" finished-at="2020-04-28T09:47:22 IST">
          <reporter-output>
          </reporter-output>
        </test-method> <!-- end_Testcase -->
        <test-method status="PASS" signature="end_Testcase()[pri:0, instance:com.radio.test.Regression@1e6d1014]" name="end_Testcase" is-config="true" duration-ms="273" started-at="2020-04-28T09:47:22 IST" finished-at="2020-04-28T09:47:22 IST">
          <reporter-output>
          </reporter-output>
        </test-method> <!-- end_Testcase -->
        <test-method status="PASS" signature="start_Test(java.lang.reflect.Method)[pri:0, instance:com.radio.test.Regression@1e6d1014]" name="start_Test" is-config="true" duration-ms="2" started-at="2020-04-28T09:47:22 IST" finished-at="2020-04-28T09:47:22 IST">
          <params>
            <param index="0">
              <value>
                <![CDATA[public void com.radio.test.Regression.test5()]]>
              </value>
            </param>
          </params>
          <reporter-output>
          </reporter-output>
        </test-method> <!-- start_Test -->
        <test-method status="PASS" signature="test5()[pri:5, instance:com.radio.test.Regression@1e6d1014]" name="test5" duration-ms="13396" started-at="2020-04-28T09:47:22 IST" finished-at="2020-04-28T09:47:35 IST">
          <reporter-output>
          </reporter-output>
        </test-method> <!-- test5 -->
        <test-method status="PASS" signature="start_Test(java.lang.reflect.Method)[pri:0, instance:com.radio.test.Regression@1e6d1014]" name="start_Test" is-config="true" duration-ms="2" started-at="2020-04-28T09:47:22 IST" finished-at="2020-04-28T09:47:22 IST">
          <params>
            <param index="0">
              <value>
                <![CDATA[public void com.radio.test.Regression.test6()]]>
              </value>
            </param>
          </params>
          <reporter-output>
          </reporter-output>
        </test-method> <!-- start_Test -->
        <test-method status="FAIL" signature="test6()[pri:6, instance:com.radio.test.Regression@1e6d1014]" name="test6" duration-ms="13327" started-at="2020-04-28T09:47:22 IST" finished-at="2020-04-28T09:47:36 IST">
          <exception class="java.lang.NullPointerException">
            <full-stacktrace>
              <![CDATA[java.lang.NullPointerException
at com.radio.pages.SearchResult.verifySearchGrid(SearchResult.java:46)
at com.radio.test.Regression.test6(Regression.java:77)
at sun.reflect.NativeMethodAccessorImpl.invoke0(Native Method)
at sun.reflect.NativeMethodAccessorImpl.invoke(NativeMethodAccessorImpl.java:62)
at sun.reflect.DelegatingMethodAccessorImpl.invoke(DelegatingMethodAccessorImpl.java:43)
at java.lang.reflect.Method.invoke(Method.java:498)
at org.testng.internal.MethodInvocationHelper.invokeMethod(MethodInvocationHelper.java:133)
at org.testng.internal.TestInvoker.invokeMethod(TestInvoker.java:584)
at org.testng.internal.TestInvoker.invokeTestMethod(TestInvoker.java:172)
at org.testng.internal.MethodRunner.runInSequence(MethodRunner.java:46)
at org.testng.internal.TestInvoker$MethodInvocationAgent.invoke(TestInvoker.java:804)
at org.testng.internal.TestInvoker.invokeTestMethods(TestInvoker.java:145)
at org.testng.internal.TestMethodWorker.invokeTestMethods(TestMethodWorker.java:146)
at org.testng.internal.TestMethodWorker.run(TestMethodWorker.java:128)
at java.util.concurrent.ThreadPoolExecutor.runWorker(ThreadPoolExecutor.java:1149)
at java.util.concurrent.ThreadPoolExecutor$Worker.run(ThreadPoolExecutor.java:624)
at java.lang.Thread.run(Thread.java:748)
]]>
            </full-stacktrace>
          </exception> <!-- java.lang.NullPointerException -->
          <reporter-output>
          </reporter-output>
        </test-method> <!-- test6 -->
        <test-method status="PASS" signature="end_Testcase()[pri:0, instance:com.radio.test.Regression@1e6d1014]" name="end_Testcase" is-config="true" duration-ms="150" started-at="2020-04-28T09:47:35 IST" finished-at="2020-04-28T09:47:36 IST">
          <reporter-output>
          </reporter-output>
        </test-method> <!-- end_Testcase -->
        <test-method status="PASS" signature="end_Testcase()[pri:0, instance:com.radio.test.Regression@1e6d1014]" name="end_Testcase" is-config="true" duration-ms="271" started-at="2020-04-28T09:47:36 IST" finished-at="2020-04-28T09:47:36 IST">
          <reporter-output>
          </reporter-output>
        </test-method> <!-- end_Testcase -->
        <test-method status="PASS" signature="end_Testcase()[pri:0, instance:com.radio.test.Regression@1e6d1014]" name="end_Testcase" is-config="true" duration-ms="118" started-at="2020-04-28T09:47:36 IST" finished-at="2020-04-28T09:47:36 IST">
          <reporter-output>
          </reporter-output>
        </test-method> <!-- end_Testcase -->
        <test-method status="PASS" signature="start_Test(java.lang.reflect.Method)[pri:0, instance:com.radio.test.Regression@1e6d1014]" name="start_Test" is-config="true" duration-ms="165" started-at="2020-04-28T09:47:36 IST" finished-at="2020-04-28T09:47:36 IST">
          <params>
            <param index="0">
              <value>
                <![CDATA[public void com.radio.test.Regression.testa1() throws java.lang.InterruptedException]]>
              </value>
            </param>
          </params>
          <reporter-output>
          </reporter-output>
        </test-method> <!-- start_Test -->
        <test-method status="PASS" signature="start_Test(java.lang.reflect.Method)[pri:0, instance:com.radio.test.Regression@1e6d1014]" name="start_Test" is-config="true" duration-ms="92" started-at="2020-04-28T09:47:36 IST" finished-at="2020-04-28T09:47:36 IST">
          <params>
            <param index="0">
              <value>
                <![CDATA[public void com.radio.test.Regression.test7()]]>
              </value>
            </param>
          </params>
          <reporter-output>
          </reporter-output>
        </test-method> <!-- start_Test -->
        <test-method status="PASS" signature="start_Test(java.lang.reflect.Method)[pri:0, instance:com.radio.test.Regression@1e6d1014]" name="start_Test" is-config="true" duration-ms="40" started-at="2020-04-28T09:47:36 IST" finished-at="2020-04-28T09:47:36 IST">
          <params>
            <param index="0">
              <value>
                <![CDATA[public void com.radio.test.Regression.test8() throws java.lang.InterruptedException]]>
              </value>
            </param>
          </params>
          <reporter-output>
          </reporter-output>
        </test-method> <!-- start_Test -->
        <test-method status="FAIL" signature="testa1()[pri:7, instance:com.radio.test.Regression@1e6d1014]" name="testa1" duration-ms="10858" started-at="2020-04-28T09:47:36 IST" finished-at="2020-04-28T09:47:47 IST">
          <exception class="java.lang.AssertionError">
            <message>
              <![CDATA[expected [Developer] but found [DeveloperDeveloper]]]>
            </message>
            <full-stacktrace>
              <![CDATA[java.lang.AssertionError: expected [Developer] but found [DeveloperDeveloper]
at org.testng.Assert.fail(Assert.java:97)
at org.testng.Assert.assertEqualsImpl(Assert.java:136)
at org.testng.Assert.assertEquals(Assert.java:118)
at org.testng.Assert.assertEquals(Assert.java:575)
at org.testng.Assert.assertEquals(Assert.java:585)
at com.radio.test.Regression.testa1(Regression.java:86)
at sun.reflect.NativeMethodAccessorImpl.invoke0(Native Method)
at sun.reflect.NativeMethodAccessorImpl.invoke(NativeMethodAccessorImpl.java:62)
at sun.reflect.DelegatingMethodAccessorImpl.invoke(DelegatingMethodAccessorImpl.java:43)
at java.lang.reflect.Method.invoke(Method.java:498)
at org.testng.internal.MethodInvocationHelper.invokeMethod(MethodInvocationHelper.java:133)
at org.testng.internal.TestInvoker.invokeMethod(TestInvoker.java:584)
at org.testng.internal.TestInvoker.invokeTestMethod(TestInvoker.java:172)
at org.testng.internal.MethodRunner.runInSequence(MethodRunner.java:46)
at org.testng.internal.TestInvoker$MethodInvocationAgent.invoke(TestInvoker.java:804)
at org.testng.internal.TestInvoker.invokeTestMethods(TestInvoker.java:145)
at org.testng.internal.TestMethodWorker.invokeTestMethods(TestMethodWorker.java:146)
at org.testng.internal.TestMethodWorker.run(TestMethodWorker.java:128)
at java.util.concurrent.ThreadPoolExecutor.runWorker(ThreadPoolExecutor.java:1149)
at java.util.concurrent.ThreadPoolExecutor$Worker.run(ThreadPoolExecutor.java:624)
at java.lang.Thread.run(Thread.java:748)
]]>
            </full-stacktrace>
          </exception> <!-- java.lang.AssertionError -->
          <reporter-output>
          </reporter-output>
        </test-method> <!-- testa1 -->
        <test-method status="PASS" signature="test7()[pri:8, instance:com.radio.test.Regression@1e6d1014]" name="test7" duration-ms="10057" started-at="2020-04-28T09:47:36 IST" finished-at="2020-04-28T09:47:46 IST">
          <reporter-output>
          </reporter-output>
        </test-method> <!-- test7 -->
        <test-method status="PASS" signature="test8()[pri:9, instance:com.radio.test.Regression@1e6d1014]" name="test8" duration-ms="20788" started-at="2020-04-28T09:47:36 IST" finished-at="2020-04-28T09:47:57 IST">
          <reporter-output>
          </reporter-output>
        </test-method> <!-- test8 -->
        <test-method status="PASS" signature="end_Testcase()[pri:0, instance:com.radio.test.Regression@1e6d1014]" name="end_Testcase" is-config="true" duration-ms="86" started-at="2020-04-28T09:47:46 IST" finished-at="2020-04-28T09:47:46 IST">
          <reporter-output>
          </reporter-output>
        </test-method> <!-- end_Testcase -->
        <test-method status="PASS" signature="start_Test(java.lang.reflect.Method)[pri:0, instance:com.radio.test.Regression@1e6d1014]" name="start_Test" is-config="true" duration-ms="2" started-at="2020-04-28T09:47:46 IST" finished-at="2020-04-28T09:47:46 IST">
          <params>
            <param index="0">
              <value>
                <![CDATA[public void com.radio.test.Regression.test9() throws java.lang.InterruptedException]]>
              </value>
            </param>
          </params>
          <reporter-output>
          </reporter-output>
        </test-method> <!-- start_Test -->
        <test-method status="FAIL" signature="test9()[pri:10, instance:com.radio.test.Regression@1e6d1014]" name="test9" duration-ms="10935" started-at="2020-04-28T09:47:46 IST" finished-at="2020-04-28T09:47:57 IST">
          <exception class="java.lang.AssertionError">
            <message>
              <![CDATA[expected [Job Category] but found [Category]]]>
            </message>
            <full-stacktrace>
              <![CDATA[java.lang.AssertionError: expected [Job Category] but found [Category]
at org.testng.Assert.fail(Assert.java:97)
at org.testng.Assert.assertEqualsImpl(Assert.java:136)
at org.testng.Assert.assertEquals(Assert.java:118)
at org.testng.Assert.assertEquals(Assert.java:575)
at org.testng.Assert.assertEquals(Assert.java:585)
at com.radio.pages.Signup.verifyAllLabels(Signup.java:104)
at com.radio.test.Regression.test9(Regression.java:107)
at sun.reflect.NativeMethodAccessorImpl.invoke0(Native Method)
at sun.reflect.NativeMethodAccessorImpl.invoke(NativeMethodAccessorImpl.java:62)
at sun.reflect.DelegatingMethodAccessorImpl.invoke(DelegatingMethodAccessorImpl.java:43)
at java.lang.reflect.Method.invoke(Method.java:498)
at org.testng.internal.MethodInvocationHelper.invokeMethod(MethodInvocationHelper.java:133)
at org.testng.internal.TestInvoker.invokeMethod(TestInvoker.java:584)
at org.testng.internal.TestInvoker.invokeTestMethod(TestInvoker.java:172)
at org.testng.internal.MethodRunner.runInSequence(MethodRunner.java:46)
at org.testng.internal.TestInvoker$MethodInvocationAgent.invoke(TestInvoker.java:804)
at org.testng.internal.TestInvoker.invokeTestMethods(TestInvoker.java:145)
at org.testng.internal.TestMethodWorker.invokeTestMethods(TestMethodWorker.java:146)
at org.testng.internal.TestMethodWorker.run(TestMethodWorker.java:128)
at java.util.concurrent.ThreadPoolExecutor.runWorker(ThreadPoolExecutor.java:1149)
at java.util.concurrent.ThreadPoolExecutor$Worker.run(ThreadPoolExecutor.java:624)
at java.lang.Thread.run(Thread.java:748)
]]>
            </full-stacktrace>
          </exception> <!-- java.lang.AssertionError -->
          <reporter-output>
          </reporter-output>
        </test-method> <!-- test9 -->
        <test-method status="PASS" signature="end_Testcase()[pri:0, instance:com.radio.test.Regression@1e6d1014]" name="end_Testcase" is-config="true" duration-ms="149" started-at="2020-04-28T09:47:47 IST" finished-at="2020-04-28T09:47:47 IST">
          <reporter-output>
          </reporter-output>
        </test-method> <!-- end_Testcase -->
        <test-method status="PASS" signature="start_Test(java.lang.reflect.Method)[pri:0, instance:com.radio.test.Regression@1e6d1014]" name="start_Test" is-config="true" duration-ms="2" started-at="2020-04-28T09:47:47 IST" finished-at="2020-04-28T09:47:47 IST">
          <params>
            <param index="0">
              <value>
                <![CDATA[public void com.radio.test.Regression.test10() throws java.lang.InterruptedException]]>
              </value>
            </param>
          </params>
          <reporter-output>
          </reporter-output>
        </test-method> <!-- start_Test -->
        <test-method status="FAIL" signature="test10()[pri:11, instance:com.radio.test.Regression@1e6d1014]" name="test10" duration-ms="41112" started-at="2020-04-28T09:47:47 IST" finished-at="2020-04-28T09:48:28 IST">
          <exception class="org.openqa.selenium.TimeoutException">
            <message>
              <![CDATA[Expected condition failed: waiting for visibility of Proxy element for: DefaultElementLocator 'By.xpath: //form[@class = 'data-form hidden-ja-form ']//select[@id='form-field-96164c2dd1']' (tried for 30 second(s) with 500 milliseconds interval)]]>
            </message>
            <full-stacktrace>
              <![CDATA[org.openqa.selenium.TimeoutException: Expected condition failed: waiting for visibility of Proxy element for: DefaultElementLocator 'By.xpath: //form[@class = 'data-form hidden-ja-form ']//select[@id='form-field-96164c2dd1']' (tried for 30 second(s) with 500 milliseconds interval)
at org.openqa.selenium.support.ui.WebDriverWait.timeoutException(WebDriverWait.java:95)
at org.openqa.selenium.support.ui.FluentWait.until(FluentWait.java:272)
at com.radio.pages.Signup.select_MeetinPerson(Signup.java:115)
at com.radio.test.Regression.test10(Regression.java:113)
at sun.reflect.NativeMethodAccessorImpl.invoke0(Native Method)
at sun.reflect.NativeMethodAccessorImpl.invoke(NativeMethodAccessorImpl.java:62)
at sun.reflect.DelegatingMethodAccessorImpl.invoke(DelegatingMethodAccessorImpl.java:43)
at java.lang.reflect.Method.invoke(Method.java:498)
at org.testng.internal.MethodInvocationHelper.invokeMethod(MethodInvocationHelper.java:133)
at org.testng.internal.TestInvoker.invokeMethod(TestInvoker.java:584)
at org.testng.internal.TestInvoker.invokeTestMethod(TestInvoker.java:172)
at org.testng.internal.MethodRunner.runInSequence(MethodRunner.java:46)
at org.testng.internal.TestInvoker$MethodInvocationAgent.invoke(TestInvoker.java:804)
at org.testng.internal.TestInvoker.invokeTestMethods(TestInvoker.java:145)
at org.testng.internal.TestMethodWorker.invokeTestMethods(TestMethodWorker.java:146)
at org.testng.internal.TestMethodWorker.run(TestMethodWorker.java:128)
at java.util.concurrent.ThreadPoolExecutor.runWorker(ThreadPoolExecutor.java:1149)
at java.util.concurrent.ThreadPoolExecutor$Worker.run(ThreadPoolExecutor.java:624)
at java.lang.Thread.run(Thread.java:748)
Caused by: org.openqa.selenium.NoSuchElementException: Unable to locate element: //form[@class = 'data-form hidden-ja-form ']//select[@id='form-field-96164c2dd1']
For documentation on this error, please visit: https://www.seleniumhq.org/exceptions/no_such_element.html
Build info: version: '3.141.59', revision: 'e82be7d358', time: '2018-11-14T08:17:03'
System info: host: 'DESKTOP-J6NT3H3', ip: '192.168.0.8', os.name: 'Windows 10', os.arch: 'amd64', os.version: '10.0', java.version: '1.8.0_242'
Driver info: org.openqa.selenium.firefox.FirefoxDriver
Capabilities {acceptInsecureCerts: true, browserName: firefox, browserVersion: 75.0, javascriptEnabled: true, moz:accessibilityChecks: false, moz:buildID: 20200403170909, moz:geckodriverVersion: 0.26.0, moz:headless: false, moz:processID: 7068, moz:profile: C:\Users\karth\AppData\Loca..., moz:shutdownTimeout: 60000, moz:useNonSpecCompliantPointerOrigin: false, moz:webdriverClick: true, pageLoadStrategy: normal, platform: WINDOWS, platformName: WINDOWS, platformVersion: 10.0, rotatable: false, setWindowRect: true, strictFileInteractability: false, timeouts: {implicit: 0, pageLoad: 300000, script: 30000}, unhandledPromptBehavior: dismiss and notify}
Session ID: a80772ba-4217-4d3a-9e1c-b07f00ce2c18
*** Element info: {Using=xpath, value=//form[@class = 'data-form hidden-ja-form ']//select[@id='form-field-96164c2dd1']}
at sun.reflect.NativeConstructorAccessorImpl.newInstance0(Native Method)
at sun.reflect.NativeConstructorAccessorImpl.newInstance(NativeConstructorAccessorImpl.java:62)
at sun.reflect.DelegatingConstructorAccessorImpl.newInstance(DelegatingConstructorAccessorImpl.java:45)
at java.lang.reflect.Constructor.newInstance(Constructor.java:423)
at org.openqa.selenium.remote.http.W3CHttpResponseCodec.createException(W3CHttpResponseCodec.java:187)
at org.openqa.selenium.remote.http.W3CHttpResponseCodec.decode(W3CHttpResponseCodec.java:122)
at org.openqa.selenium.remote.http.W3CHttpResponseCodec.decode(W3CHttpResponseCodec.java:49)
at org.openqa.selenium.remote.HttpCommandExecutor.execute(HttpCommandExecutor.java:158)
at org.openqa.selenium.remote.service.DriverCommandExecutor.execute(DriverCommandExecutor.java:83)
at org.openqa.selenium.remote.RemoteWebDriver.execute(RemoteWebDriver.java:552)
at org.openqa.selenium.remote.RemoteWebDriver.findElement(RemoteWebDriver.java:323)
at org.openqa.selenium.remote.RemoteWebDriver.findElementByXPath(RemoteWebDriver.java:428)
at org.openqa.selenium.By$ByXPath.findElement(By.java:353)
at org.openqa.selenium.remote.RemoteWebDriver.findElement(RemoteWebDriver.java:315)
at org.openqa.selenium.support.pagefactory.DefaultElementLocator.findElement(DefaultElementLocator.java:69)
at org.openqa.selenium.support.pagefactory.internal.LocatingElementHandler.invoke(LocatingElementHandler.java:38)
at com.sun.proxy.$Proxy17.isDisplayed(Unknown Source)
at org.openqa.selenium.support.ui.ExpectedConditions.elementIfVisible(ExpectedConditions.java:314)
at org.openqa.selenium.support.ui.ExpectedConditions.access$000(ExpectedConditions.java:43)
at org.openqa.selenium.support.ui.ExpectedConditions$10.apply(ExpectedConditions.java:300)
at org.openqa.selenium.support.ui.ExpectedConditions$10.apply(ExpectedConditions.java:297)
at org.openqa.selenium.support.ui.FluentWait.until(FluentWait.java:249)
... 17 more
]]>
            </full-stacktrace>
          </exception> <!-- org.openqa.selenium.TimeoutException -->
          <reporter-output>
          </reporter-output>
        </test-method> <!-- test10 -->
        <test-method status="PASS" signature="end_Testcase()[pri:0, instance:com.radio.test.Regression@1e6d1014]" name="end_Testcase" is-config="true" duration-ms="90" started-at="2020-04-28T09:47:57 IST" finished-at="2020-04-28T09:47:57 IST">
          <reporter-output>
          </reporter-output>
        </test-method> <!-- end_Testcase -->
        <test-method status="PASS" signature="end_Testcase()[pri:0, instance:com.radio.test.Regression@1e6d1014]" name="end_Testcase" is-config="true" duration-ms="58" started-at="2020-04-28T09:47:57 IST" finished-at="2020-04-28T09:47:57 IST">
          <reporter-output>
          </reporter-output>
        </test-method> <!-- end_Testcase -->
        <test-method status="PASS" signature="end_Testcase()[pri:0, instance:com.radio.test.Regression@1e6d1014]" name="end_Testcase" is-config="true" duration-ms="53" started-at="2020-04-28T09:48:28 IST" finished-at="2020-04-28T09:48:28 IST">
          <reporter-output>
          </reporter-output>
        </test-method> <!-- end_Testcase -->
        <test-method status="PASS" signature="finish_Test()[pri:0, instance:com.radio.test.Regression@1e6d1014]" name="finish_Test" is-config="true" duration-ms="10000" started-at="2020-04-28T09:48:28 IST" finished-at="2020-04-28T09:48:38 IST">
          <reporter-output>
          </reporter-output>
        </test-method> <!-- finish_Test -->
      </class> <!-- com.radio.test.Regression -->
    </test> <!-- Test_Firefox -->
    <test name="Test_Edge" duration-ms="89499" started-at="2020-04-28T09:48:38 IST" finished-at="2020-04-28T09:50:08 IST">
      <class name="com.radio.test.Regression">
        <test-method status="PASS" signature="setUp_Test(java.lang.String, java.lang.String)[pri:0, instance:com.radio.test.Regression@3712b94]" name="setUp_Test" is-config="true" duration-ms="14994" started-at="2020-04-28T09:48:38 IST" finished-at="2020-04-28T09:48:53 IST">
          <params>
            <param index="0">
              <value>
                <![CDATA[edge]]>
              </value>
            </param>
            <param index="1">
              <value>
                <![CDATA[]]>
              </value>
            </param>
          </params>
          <reporter-output>
          </reporter-output>
        </test-method> <!-- setUp_Test -->
        <test-method status="PASS" signature="set_Prerequisite()[pri:0, instance:com.radio.test.Regression@3712b94]" name="set_Prerequisite" is-config="true" duration-ms="3" started-at="2020-04-28T09:48:53 IST" finished-at="2020-04-28T09:48:53 IST">
          <reporter-output>
          </reporter-output>
        </test-method> <!-- set_Prerequisite -->
        <test-method status="PASS" signature="start_Test(java.lang.reflect.Method)[pri:0, instance:com.radio.test.Regression@3712b94]" name="start_Test" is-config="true" duration-ms="5" started-at="2020-04-28T09:48:53 IST" finished-at="2020-04-28T09:48:53 IST">
          <params>
            <param index="0">
              <value>
                <![CDATA[public void com.radio.test.Regression.test3()]]>
              </value>
            </param>
          </params>
          <reporter-output>
          </reporter-output>
        </test-method> <!-- start_Test -->
        <test-method status="PASS" signature="start_Test(java.lang.reflect.Method)[pri:0, instance:com.radio.test.Regression@3712b94]" name="start_Test" is-config="true" duration-ms="8" started-at="2020-04-28T09:48:53 IST" finished-at="2020-04-28T09:48:53 IST">
          <params>
            <param index="0">
              <value>
                <![CDATA[public void com.radio.test.Regression.test1()]]>
              </value>
            </param>
          </params>
          <reporter-output>
          </reporter-output>
        </test-method> <!-- start_Test -->
        <test-method status="PASS" signature="start_Test(java.lang.reflect.Method)[pri:0, instance:com.radio.test.Regression@3712b94]" name="start_Test" is-config="true" duration-ms="7" started-at="2020-04-28T09:48:53 IST" finished-at="2020-04-28T09:48:53 IST">
          <params>
            <param index="0">
              <value>
                <![CDATA[public void com.radio.test.Regression.test2()]]>
              </value>
            </param>
          </params>
          <reporter-output>
          </reporter-output>
        </test-method> <!-- start_Test -->
        <test-method status="FAIL" signature="test3()[pri:3, instance:com.radio.test.Regression@3712b94]" name="test3" duration-ms="1577" started-at="2020-04-28T09:48:53 IST" finished-at="2020-04-28T09:48:55 IST">
          <exception class="java.lang.AssertionError">
            <message>
              <![CDATA[did not expect to find [true] but found [false]]]>
            </message>
            <full-stacktrace>
              <![CDATA[java.lang.AssertionError: did not expect to find [true] but found [false]
at org.testng.Assert.fail(Assert.java:97)
at org.testng.Assert.failNotEquals(Assert.java:969)
at org.testng.Assert.assertTrue(Assert.java:43)
at org.testng.Assert.assertTrue(Assert.java:53)
at com.radio.test.Regression.test3(Regression.java:56)
at sun.reflect.NativeMethodAccessorImpl.invoke0(Native Method)
at sun.reflect.NativeMethodAccessorImpl.invoke(NativeMethodAccessorImpl.java:62)
at sun.reflect.DelegatingMethodAccessorImpl.invoke(DelegatingMethodAccessorImpl.java:43)
at java.lang.reflect.Method.invoke(Method.java:498)
at org.testng.internal.MethodInvocationHelper.invokeMethod(MethodInvocationHelper.java:133)
at org.testng.internal.TestInvoker.invokeMethod(TestInvoker.java:584)
at org.testng.internal.TestInvoker.invokeTestMethod(TestInvoker.java:172)
at org.testng.internal.MethodRunner.runInSequence(MethodRunner.java:46)
at org.testng.internal.TestInvoker$MethodInvocationAgent.invoke(TestInvoker.java:804)
at org.testng.internal.TestInvoker.invokeTestMethods(TestInvoker.java:145)
at org.testng.internal.TestMethodWorker.invokeTestMethods(TestMethodWorker.java:146)
at org.testng.internal.TestMethodWorker.run(TestMethodWorker.java:128)
at java.util.concurrent.ThreadPoolExecutor.runWorker(ThreadPoolExecutor.java:1149)
at java.util.concurrent.ThreadPoolExecutor$Worker.run(ThreadPoolExecutor.java:624)
at java.lang.Thread.run(Thread.java:748)
]]>
            </full-stacktrace>
          </exception> <!-- java.lang.AssertionError -->
          <reporter-output>
          </reporter-output>
        </test-method> <!-- test3 -->
        <test-method status="PASS" signature="test1()[pri:1, instance:com.radio.test.Regression@3712b94]" name="test1" duration-ms="448" started-at="2020-04-28T09:48:53 IST" finished-at="2020-04-28T09:48:54 IST">
          <reporter-output>
          </reporter-output>
        </test-method> <!-- test1 -->
        <test-method status="FAIL" signature="test2()[pri:2, instance:com.radio.test.Regression@3712b94]" name="test2" duration-ms="1585" started-at="2020-04-28T09:48:53 IST" finished-at="2020-04-28T09:48:55 IST">
          <exception class="java.lang.AssertionError">
            <message>
              <![CDATA[did not expect to find [true] but found [false]]]>
            </message>
            <full-stacktrace>
              <![CDATA[java.lang.AssertionError: did not expect to find [true] but found [false]
at org.testng.Assert.fail(Assert.java:97)
at org.testng.Assert.failNotEquals(Assert.java:969)
at org.testng.Assert.assertTrue(Assert.java:43)
at org.testng.Assert.assertTrue(Assert.java:53)
at com.radio.test.Regression.test2(Regression.java:48)
at sun.reflect.NativeMethodAccessorImpl.invoke0(Native Method)
at sun.reflect.NativeMethodAccessorImpl.invoke(NativeMethodAccessorImpl.java:62)
at sun.reflect.DelegatingMethodAccessorImpl.invoke(DelegatingMethodAccessorImpl.java:43)
at java.lang.reflect.Method.invoke(Method.java:498)
at org.testng.internal.MethodInvocationHelper.invokeMethod(MethodInvocationHelper.java:133)
at org.testng.internal.TestInvoker.invokeMethod(TestInvoker.java:584)
at org.testng.internal.TestInvoker.invokeTestMethod(TestInvoker.java:172)
at org.testng.internal.MethodRunner.runInSequence(MethodRunner.java:46)
at org.testng.internal.TestInvoker$MethodInvocationAgent.invoke(TestInvoker.java:804)
at org.testng.internal.TestInvoker.invokeTestMethods(TestInvoker.java:145)
at org.testng.internal.TestMethodWorker.invokeTestMethods(TestMethodWorker.java:146)
at org.testng.internal.TestMethodWorker.run(TestMethodWorker.java:128)
at java.util.concurrent.ThreadPoolExecutor.runWorker(ThreadPoolExecutor.java:1149)
at java.util.concurrent.ThreadPoolExecutor$Worker.run(ThreadPoolExecutor.java:624)
at java.lang.Thread.run(Thread.java:748)
]]>
            </full-stacktrace>
          </exception> <!-- java.lang.AssertionError -->
          <reporter-output>
          </reporter-output>
        </test-method> <!-- test2 -->
        <test-method status="PASS" signature="end_Testcase()[pri:0, instance:com.radio.test.Regression@3712b94]" name="end_Testcase" is-config="true" duration-ms="107" started-at="2020-04-28T09:48:54 IST" finished-at="2020-04-28T09:48:54 IST">
          <reporter-output>
          </reporter-output>
        </test-method> <!-- end_Testcase -->
        <test-method status="PASS" signature="start_Test(java.lang.reflect.Method)[pri:0, instance:com.radio.test.Regression@3712b94]" name="start_Test" is-config="true" duration-ms="0" started-at="2020-04-28T09:48:54 IST" finished-at="2020-04-28T09:48:54 IST">
          <params>
            <param index="0">
              <value>
                <![CDATA[public void com.radio.test.Regression.test4()]]>
              </value>
            </param>
          </params>
          <reporter-output>
          </reporter-output>
        </test-method> <!-- start_Test -->
        <test-method status="FAIL" signature="test4()[pri:4, instance:com.radio.test.Regression@3712b94]" name="test4" duration-ms="975" started-at="2020-04-28T09:48:54 IST" finished-at="2020-04-28T09:48:55 IST">
          <exception class="java.lang.AssertionError">
            <message>
              <![CDATA[did not expect to find [true] but found [false]]]>
            </message>
            <full-stacktrace>
              <![CDATA[java.lang.AssertionError: did not expect to find [true] but found [false]
at org.testng.Assert.fail(Assert.java:97)
at org.testng.Assert.failNotEquals(Assert.java:969)
at org.testng.Assert.assertTrue(Assert.java:43)
at org.testng.Assert.assertTrue(Assert.java:53)
at com.radio.test.Regression.test4(Regression.java:64)
at sun.reflect.NativeMethodAccessorImpl.invoke0(Native Method)
at sun.reflect.NativeMethodAccessorImpl.invoke(NativeMethodAccessorImpl.java:62)
at sun.reflect.DelegatingMethodAccessorImpl.invoke(DelegatingMethodAccessorImpl.java:43)
at java.lang.reflect.Method.invoke(Method.java:498)
at org.testng.internal.MethodInvocationHelper.invokeMethod(MethodInvocationHelper.java:133)
at org.testng.internal.TestInvoker.invokeMethod(TestInvoker.java:584)
at org.testng.internal.TestInvoker.invokeTestMethod(TestInvoker.java:172)
at org.testng.internal.MethodRunner.runInSequence(MethodRunner.java:46)
at org.testng.internal.TestInvoker$MethodInvocationAgent.invoke(TestInvoker.java:804)
at org.testng.internal.TestInvoker.invokeTestMethods(TestInvoker.java:145)
at org.testng.internal.TestMethodWorker.invokeTestMethods(TestMethodWorker.java:146)
at org.testng.internal.TestMethodWorker.run(TestMethodWorker.java:128)
at java.util.concurrent.ThreadPoolExecutor.runWorker(ThreadPoolExecutor.java:1149)
at java.util.concurrent.ThreadPoolExecutor$Worker.run(ThreadPoolExecutor.java:624)
at java.lang.Thread.run(Thread.java:748)
]]>
            </full-stacktrace>
          </exception> <!-- java.lang.AssertionError -->
          <reporter-output>
          </reporter-output>
        </test-method> <!-- test4 -->
        <test-method status="PASS" signature="end_Testcase()[pri:0, instance:com.radio.test.Regression@3712b94]" name="end_Testcase" is-config="true" duration-ms="68" started-at="2020-04-28T09:48:55 IST" finished-at="2020-04-28T09:48:55 IST">
          <reporter-output>
          </reporter-output>
        </test-method> <!-- end_Testcase -->
        <test-method status="PASS" signature="end_Testcase()[pri:0, instance:com.radio.test.Regression@3712b94]" name="end_Testcase" is-config="true" duration-ms="149" started-at="2020-04-28T09:48:55 IST" finished-at="2020-04-28T09:48:55 IST">
          <reporter-output>
          </reporter-output>
        </test-method> <!-- end_Testcase -->
        <test-method status="PASS" signature="end_Testcase()[pri:0, instance:com.radio.test.Regression@3712b94]" name="end_Testcase" is-config="true" duration-ms="84" started-at="2020-04-28T09:48:55 IST" finished-at="2020-04-28T09:48:55 IST">
          <reporter-output>
          </reporter-output>
        </test-method> <!-- end_Testcase -->
        <test-method status="PASS" signature="start_Test(java.lang.reflect.Method)[pri:0, instance:com.radio.test.Regression@3712b94]" name="start_Test" is-config="true" duration-ms="97" started-at="2020-04-28T09:48:55 IST" finished-at="2020-04-28T09:48:55 IST">
          <params>
            <param index="0">
              <value>
                <![CDATA[public void com.radio.test.Regression.test5()]]>
              </value>
            </param>
          </params>
          <reporter-output>
          </reporter-output>
        </test-method> <!-- start_Test -->
        <test-method status="PASS" signature="start_Test(java.lang.reflect.Method)[pri:0, instance:com.radio.test.Regression@3712b94]" name="start_Test" is-config="true" duration-ms="46" started-at="2020-04-28T09:48:55 IST" finished-at="2020-04-28T09:48:55 IST">
          <params>
            <param index="0">
              <value>
                <![CDATA[public void com.radio.test.Regression.test6()]]>
              </value>
            </param>
          </params>
          <reporter-output>
          </reporter-output>
        </test-method> <!-- start_Test -->
        <test-method status="PASS" signature="start_Test(java.lang.reflect.Method)[pri:0, instance:com.radio.test.Regression@3712b94]" name="start_Test" is-config="true" duration-ms="2" started-at="2020-04-28T09:48:55 IST" finished-at="2020-04-28T09:48:55 IST">
          <params>
            <param index="0">
              <value>
                <![CDATA[public void com.radio.test.Regression.testa1() throws java.lang.InterruptedException]]>
              </value>
            </param>
          </params>
          <reporter-output>
          </reporter-output>
        </test-method> <!-- start_Test -->
        <test-method status="FAIL" signature="test6()[pri:6, instance:com.radio.test.Regression@3712b94]" name="test6" duration-ms="21329" started-at="2020-04-28T09:48:55 IST" finished-at="2020-04-28T09:49:16 IST">
          <exception class="java.lang.NullPointerException">
            <full-stacktrace>
              <![CDATA[java.lang.NullPointerException
at com.radio.pages.SearchResult.verifySearchGrid(SearchResult.java:46)
at com.radio.test.Regression.test6(Regression.java:77)
at sun.reflect.NativeMethodAccessorImpl.invoke0(Native Method)
at sun.reflect.NativeMethodAccessorImpl.invoke(NativeMethodAccessorImpl.java:62)
at sun.reflect.DelegatingMethodAccessorImpl.invoke(DelegatingMethodAccessorImpl.java:43)
at java.lang.reflect.Method.invoke(Method.java:498)
at org.testng.internal.MethodInvocationHelper.invokeMethod(MethodInvocationHelper.java:133)
at org.testng.internal.TestInvoker.invokeMethod(TestInvoker.java:584)
at org.testng.internal.TestInvoker.invokeTestMethod(TestInvoker.java:172)
at org.testng.internal.MethodRunner.runInSequence(MethodRunner.java:46)
at org.testng.internal.TestInvoker$MethodInvocationAgent.invoke(TestInvoker.java:804)
at org.testng.internal.TestInvoker.invokeTestMethods(TestInvoker.java:145)
at org.testng.internal.TestMethodWorker.invokeTestMethods(TestMethodWorker.java:146)
at org.testng.internal.TestMethodWorker.run(TestMethodWorker.java:128)
at java.util.concurrent.ThreadPoolExecutor.runWorker(ThreadPoolExecutor.java:1149)
at java.util.concurrent.ThreadPoolExecutor$Worker.run(ThreadPoolExecutor.java:624)
at java.lang.Thread.run(Thread.java:748)
]]>
            </full-stacktrace>
          </exception> <!-- java.lang.NullPointerException -->
          <reporter-output>
          </reporter-output>
        </test-method> <!-- test6 -->
        <test-method status="PASS" signature="test5()[pri:5, instance:com.radio.test.Regression@3712b94]" name="test5" duration-ms="10254" started-at="2020-04-28T09:48:55 IST" finished-at="2020-04-28T09:49:05 IST">
          <reporter-output>
          </reporter-output>
        </test-method> <!-- test5 -->
        <test-method status="FAIL" signature="testa1()[pri:7, instance:com.radio.test.Regression@3712b94]" name="testa1" duration-ms="11225" started-at="2020-04-28T09:48:55 IST" finished-at="2020-04-28T09:49:06 IST">
          <exception class="org.openqa.selenium.StaleElementReferenceException">
            <message>
              <![CDATA[stale element reference: element is not attached to the page document
  (Session info: MicrosoftEdge=81.0.416.64)
For documentation on this error, please visit: https://www.seleniumhq.org/exceptions/stale_element_reference.html
Build info: version: '3.141.59', revision: 'e82be7d358', time: '2018-11-14T08:17:03'
System info: host: 'DESKTOP-J6NT3H3', ip: '192.168.0.8', os.name: 'Windows 10', os.arch: 'amd64', os.version: '10.0', java.version: '1.8.0_242'
Driver info: org.openqa.selenium.edge.EdgeDriver
Capabilities {acceptInsecureCerts: false, browserName: msedge, browserVersion: 81.0.416.64, javascriptEnabled: true, ms:edgeOptions: {debuggerAddress: localhost:54141}, msedge: {msedgedriverVersion: 81.0.409.0 (39f62a1453d7b79..., userDataDir: C:\Users\karth\AppData\Loca...}, networkConnectionEnabled: false, pageLoadStrategy: normal, platform: WINDOWS, platformName: WINDOWS, proxy: Proxy(), setWindowRect: true, strictFileInteractability: false, timeouts: {implicit: 0, pageLoad: 300000, script: 30000}, unhandledPromptBehavior: dismiss and notify, webauthn:virtualAuthenticators: true}
Session ID: 3825a4ddcc2b9a9156d77263eaf01852]]>
            </message>
            <full-stacktrace>
              <![CDATA[org.openqa.selenium.StaleElementReferenceException: stale element reference: element is not attached to the page document
  (Session info: MicrosoftEdge=81.0.416.64)
For documentation on this error, please visit: https://www.seleniumhq.org/exceptions/stale_element_reference.html
Build info: version: '3.141.59', revision: 'e82be7d358', time: '2018-11-14T08:17:03'
System info: host: 'DESKTOP-J6NT3H3', ip: '192.168.0.8', os.name: 'Windows 10', os.arch: 'amd64', os.version: '10.0', java.version: '1.8.0_242'
Driver info: org.openqa.selenium.edge.EdgeDriver
Capabilities {acceptInsecureCerts: false, browserName: msedge, browserVersion: 81.0.416.64, javascriptEnabled: true, ms:edgeOptions: {debuggerAddress: localhost:54141}, msedge: {msedgedriverVersion: 81.0.409.0 (39f62a1453d7b79..., userDataDir: C:\Users\karth\AppData\Loca...}, networkConnectionEnabled: false, pageLoadStrategy: normal, platform: WINDOWS, platformName: WINDOWS, proxy: Proxy(), setWindowRect: true, strictFileInteractability: false, timeouts: {implicit: 0, pageLoad: 300000, script: 30000}, unhandledPromptBehavior: dismiss and notify, webauthn:virtualAuthenticators: true}
Session ID: 3825a4ddcc2b9a9156d77263eaf01852
at sun.reflect.NativeConstructorAccessorImpl.newInstance0(Native Method)
at sun.reflect.NativeConstructorAccessorImpl.newInstance(NativeConstructorAccessorImpl.java:62)
at sun.reflect.DelegatingConstructorAccessorImpl.newInstance(DelegatingConstructorAccessorImpl.java:45)
at java.lang.reflect.Constructor.newInstance(Constructor.java:423)
at org.openqa.selenium.remote.http.W3CHttpResponseCodec.createException(W3CHttpResponseCodec.java:187)
at org.openqa.selenium.remote.http.W3CHttpResponseCodec.decode(W3CHttpResponseCodec.java:122)
at org.openqa.selenium.remote.http.W3CHttpResponseCodec.decode(W3CHttpResponseCodec.java:49)
at org.openqa.selenium.remote.HttpCommandExecutor.execute(HttpCommandExecutor.java:158)
at org.openqa.selenium.remote.service.DriverCommandExecutor.execute(DriverCommandExecutor.java:83)
at org.openqa.selenium.remote.RemoteWebDriver.execute(RemoteWebDriver.java:552)
at org.openqa.selenium.remote.RemoteWebElement.execute(RemoteWebElement.java:285)
at org.openqa.selenium.remote.RemoteWebElement.sendKeys(RemoteWebElement.java:106)
at sun.reflect.NativeMethodAccessorImpl.invoke0(Native Method)
at sun.reflect.NativeMethodAccessorImpl.invoke(NativeMethodAccessorImpl.java:62)
at sun.reflect.DelegatingMethodAccessorImpl.invoke(DelegatingMethodAccessorImpl.java:43)
at java.lang.reflect.Method.invoke(Method.java:498)
at org.openqa.selenium.support.pagefactory.internal.LocatingElementHandler.invoke(LocatingElementHandler.java:51)
at com.sun.proxy.$Proxy17.sendKeys(Unknown Source)
at com.radio.pages.Homepage.enterDescription(Homepage.java:46)
at com.radio.test.Regression.testa1(Regression.java:84)
at sun.reflect.NativeMethodAccessorImpl.invoke0(Native Method)
at sun.reflect.NativeMethodAccessorImpl.invoke(NativeMethodAccessorImpl.java:62)
at sun.reflect.DelegatingMethodAccessorImpl.invoke(DelegatingMethodAccessorImpl.java:43)
at java.lang.reflect.Method.invoke(Method.java:498)
at org.testng.internal.MethodInvocationHelper.invokeMethod(MethodInvocationHelper.java:133)
at org.testng.internal.TestInvoker.invokeMethod(TestInvoker.java:584)
at org.testng.internal.TestInvoker.invokeTestMethod(TestInvoker.java:172)
at org.testng.internal.MethodRunner.runInSequence(MethodRunner.java:46)
at org.testng.internal.TestInvoker$MethodInvocationAgent.invoke(TestInvoker.java:804)
at org.testng.internal.TestInvoker.invokeTestMethods(TestInvoker.java:145)
at org.testng.internal.TestMethodWorker.invokeTestMethods(TestMethodWorker.java:146)
at org.testng.internal.TestMethodWorker.run(TestMethodWorker.java:128)
at java.util.concurrent.ThreadPoolExecutor.runWorker(ThreadPoolExecutor.java:1149)
at java.util.concurrent.ThreadPoolExecutor$Worker.run(ThreadPoolExecutor.java:624)
at java.lang.Thread.run(Thread.java:748)
]]>
            </full-stacktrace>
          </exception> <!-- org.openqa.selenium.StaleElementReferenceException -->
          <reporter-output>
          </reporter-output>
        </test-method> <!-- testa1 -->
        <test-method status="PASS" signature="end_Testcase()[pri:0, instance:com.radio.test.Regression@3712b94]" name="end_Testcase" is-config="true" duration-ms="77" started-at="2020-04-28T09:49:05 IST" finished-at="2020-04-28T09:49:05 IST">
          <reporter-output>
          </reporter-output>
        </test-method> <!-- end_Testcase -->
        <test-method status="PASS" signature="start_Test(java.lang.reflect.Method)[pri:0, instance:com.radio.test.Regression@3712b94]" name="start_Test" is-config="true" duration-ms="1" started-at="2020-04-28T09:49:05 IST" finished-at="2020-04-28T09:49:05 IST">
          <params>
            <param index="0">
              <value>
                <![CDATA[public void com.radio.test.Regression.test7()]]>
              </value>
            </param>
          </params>
          <reporter-output>
          </reporter-output>
        </test-method> <!-- start_Test -->
        <test-method status="PASS" signature="test7()[pri:8, instance:com.radio.test.Regression@3712b94]" name="test7" duration-ms="10915" started-at="2020-04-28T09:49:05 IST" finished-at="2020-04-28T09:49:16 IST">
          <reporter-output>
          </reporter-output>
        </test-method> <!-- test7 -->
        <test-method status="PASS" signature="end_Testcase()[pri:0, instance:com.radio.test.Regression@3712b94]" name="end_Testcase" is-config="true" duration-ms="114" started-at="2020-04-28T09:49:06 IST" finished-at="2020-04-28T09:49:06 IST">
          <reporter-output>
          </reporter-output>
        </test-method> <!-- end_Testcase -->
        <test-method status="PASS" signature="start_Test(java.lang.reflect.Method)[pri:0, instance:com.radio.test.Regression@3712b94]" name="start_Test" is-config="true" duration-ms="0" started-at="2020-04-28T09:49:06 IST" finished-at="2020-04-28T09:49:06 IST">
          <params>
            <param index="0">
              <value>
                <![CDATA[public void com.radio.test.Regression.test8() throws java.lang.InterruptedException]]>
              </value>
            </param>
          </params>
          <reporter-output>
          </reporter-output>
        </test-method> <!-- start_Test -->
        <test-method status="PASS" signature="test8()[pri:9, instance:com.radio.test.Regression@3712b94]" name="test8" duration-ms="30630" started-at="2020-04-28T09:49:06 IST" finished-at="2020-04-28T09:49:37 IST">
          <reporter-output>
          </reporter-output>
        </test-method> <!-- test8 -->
        <test-method status="PASS" signature="end_Testcase()[pri:0, instance:com.radio.test.Regression@3712b94]" name="end_Testcase" is-config="true" duration-ms="66" started-at="2020-04-28T09:49:16 IST" finished-at="2020-04-28T09:49:16 IST">
          <reporter-output>
          </reporter-output>
        </test-method> <!-- end_Testcase -->
        <test-method status="PASS" signature="start_Test(java.lang.reflect.Method)[pri:0, instance:com.radio.test.Regression@3712b94]" name="start_Test" is-config="true" duration-ms="1" started-at="2020-04-28T09:49:16 IST" finished-at="2020-04-28T09:49:16 IST">
          <params>
            <param index="0">
              <value>
                <![CDATA[public void com.radio.test.Regression.test9() throws java.lang.InterruptedException]]>
              </value>
            </param>
          </params>
          <reporter-output>
          </reporter-output>
        </test-method> <!-- start_Test -->
        <test-method status="FAIL" signature="test9()[pri:10, instance:com.radio.test.Regression@3712b94]" name="test9" duration-ms="20932" started-at="2020-04-28T09:49:16 IST" finished-at="2020-04-28T09:49:37 IST">
          <exception class="java.lang.AssertionError">
            <message>
              <![CDATA[expected [Job Category] but found [Category]]]>
            </message>
            <full-stacktrace>
              <![CDATA[java.lang.AssertionError: expected [Job Category] but found [Category]
at org.testng.Assert.fail(Assert.java:97)
at org.testng.Assert.assertEqualsImpl(Assert.java:136)
at org.testng.Assert.assertEquals(Assert.java:118)
at org.testng.Assert.assertEquals(Assert.java:575)
at org.testng.Assert.assertEquals(Assert.java:585)
at com.radio.pages.Signup.verifyAllLabels(Signup.java:104)
at com.radio.test.Regression.test9(Regression.java:107)
at sun.reflect.NativeMethodAccessorImpl.invoke0(Native Method)
at sun.reflect.NativeMethodAccessorImpl.invoke(NativeMethodAccessorImpl.java:62)
at sun.reflect.DelegatingMethodAccessorImpl.invoke(DelegatingMethodAccessorImpl.java:43)
at java.lang.reflect.Method.invoke(Method.java:498)
at org.testng.internal.MethodInvocationHelper.invokeMethod(MethodInvocationHelper.java:133)
at org.testng.internal.TestInvoker.invokeMethod(TestInvoker.java:584)
at org.testng.internal.TestInvoker.invokeTestMethod(TestInvoker.java:172)
at org.testng.internal.MethodRunner.runInSequence(MethodRunner.java:46)
at org.testng.internal.TestInvoker$MethodInvocationAgent.invoke(TestInvoker.java:804)
at org.testng.internal.TestInvoker.invokeTestMethods(TestInvoker.java:145)
at org.testng.internal.TestMethodWorker.invokeTestMethods(TestMethodWorker.java:146)
at org.testng.internal.TestMethodWorker.run(TestMethodWorker.java:128)
at java.util.concurrent.ThreadPoolExecutor.runWorker(ThreadPoolExecutor.java:1149)
at java.util.concurrent.ThreadPoolExecutor$Worker.run(ThreadPoolExecutor.java:624)
at java.lang.Thread.run(Thread.java:748)
]]>
            </full-stacktrace>
          </exception> <!-- java.lang.AssertionError -->
          <reporter-output>
          </reporter-output>
        </test-method> <!-- test9 -->
        <test-method status="PASS" signature="end_Testcase()[pri:0, instance:com.radio.test.Regression@3712b94]" name="end_Testcase" is-config="true" duration-ms="133" started-at="2020-04-28T09:49:16 IST" finished-at="2020-04-28T09:49:16 IST">
          <reporter-output>
          </reporter-output>
        </test-method> <!-- end_Testcase -->
        <test-method status="PASS" signature="start_Test(java.lang.reflect.Method)[pri:0, instance:com.radio.test.Regression@3712b94]" name="start_Test" is-config="true" duration-ms="49" started-at="2020-04-28T09:49:16 IST" finished-at="2020-04-28T09:49:16 IST">
          <params>
            <param index="0">
              <value>
                <![CDATA[public void com.radio.test.Regression.test10() throws java.lang.InterruptedException]]>
              </value>
            </param>
          </params>
          <reporter-output>
          </reporter-output>
        </test-method> <!-- start_Test -->
        <test-method status="FAIL" signature="test10()[pri:11, instance:com.radio.test.Regression@3712b94]" name="test10" duration-ms="41192" started-at="2020-04-28T09:49:16 IST" finished-at="2020-04-28T09:49:58 IST">
          <exception class="org.openqa.selenium.TimeoutException">
            <message>
              <![CDATA[Expected condition failed: waiting for visibility of Proxy element for: DefaultElementLocator 'By.xpath: //form[@class = 'data-form hidden-ja-form ']//select[@id='form-field-96164c2dd1']' (tried for 30 second(s) with 500 milliseconds interval)]]>
            </message>
            <full-stacktrace>
              <![CDATA[org.openqa.selenium.TimeoutException: Expected condition failed: waiting for visibility of Proxy element for: DefaultElementLocator 'By.xpath: //form[@class = 'data-form hidden-ja-form ']//select[@id='form-field-96164c2dd1']' (tried for 30 second(s) with 500 milliseconds interval)
at org.openqa.selenium.support.ui.WebDriverWait.timeoutException(WebDriverWait.java:95)
at org.openqa.selenium.support.ui.FluentWait.until(FluentWait.java:272)
at com.radio.pages.Signup.select_MeetinPerson(Signup.java:115)
at com.radio.test.Regression.test10(Regression.java:113)
at sun.reflect.NativeMethodAccessorImpl.invoke0(Native Method)
at sun.reflect.NativeMethodAccessorImpl.invoke(NativeMethodAccessorImpl.java:62)
at sun.reflect.DelegatingMethodAccessorImpl.invoke(DelegatingMethodAccessorImpl.java:43)
at java.lang.reflect.Method.invoke(Method.java:498)
at org.testng.internal.MethodInvocationHelper.invokeMethod(MethodInvocationHelper.java:133)
at org.testng.internal.TestInvoker.invokeMethod(TestInvoker.java:584)
at org.testng.internal.TestInvoker.invokeTestMethod(TestInvoker.java:172)
at org.testng.internal.MethodRunner.runInSequence(MethodRunner.java:46)
at org.testng.internal.TestInvoker$MethodInvocationAgent.invoke(TestInvoker.java:804)
at org.testng.internal.TestInvoker.invokeTestMethods(TestInvoker.java:145)
at org.testng.internal.TestMethodWorker.invokeTestMethods(TestMethodWorker.java:146)
at org.testng.internal.TestMethodWorker.run(TestMethodWorker.java:128)
at java.util.concurrent.ThreadPoolExecutor.runWorker(ThreadPoolExecutor.java:1149)
at java.util.concurrent.ThreadPoolExecutor$Worker.run(ThreadPoolExecutor.java:624)
at java.lang.Thread.run(Thread.java:748)
Caused by: org.openqa.selenium.NoSuchElementException: no such element: Unable to locate element: {"method":"xpath","selector":"//form[@class = 'data-form hidden-ja-form ']//select[@id='form-field-96164c2dd1']"}
  (Session info: MicrosoftEdge=81.0.416.64)
For documentation on this error, please visit: https://www.seleniumhq.org/exceptions/no_such_element.html
Build info: version: '3.141.59', revision: 'e82be7d358', time: '2018-11-14T08:17:03'
System info: host: 'DESKTOP-J6NT3H3', ip: '192.168.0.8', os.name: 'Windows 10', os.arch: 'amd64', os.version: '10.0', java.version: '1.8.0_242'
Driver info: org.openqa.selenium.edge.EdgeDriver
Capabilities {acceptInsecureCerts: false, browserName: msedge, browserVersion: 81.0.416.64, javascriptEnabled: true, ms:edgeOptions: {debuggerAddress: localhost:54141}, msedge: {msedgedriverVersion: 81.0.409.0 (39f62a1453d7b79..., userDataDir: C:\Users\karth\AppData\Loca...}, networkConnectionEnabled: false, pageLoadStrategy: normal, platform: WINDOWS, platformName: WINDOWS, proxy: Proxy(), setWindowRect: true, strictFileInteractability: false, timeouts: {implicit: 0, pageLoad: 300000, script: 30000}, unhandledPromptBehavior: dismiss and notify, webauthn:virtualAuthenticators: true}
Session ID: 3825a4ddcc2b9a9156d77263eaf01852
*** Element info: {Using=xpath, value=//form[@class = 'data-form hidden-ja-form ']//select[@id='form-field-96164c2dd1']}
at sun.reflect.NativeConstructorAccessorImpl.newInstance0(Native Method)
at sun.reflect.NativeConstructorAccessorImpl.newInstance(NativeConstructorAccessorImpl.java:62)
at sun.reflect.DelegatingConstructorAccessorImpl.newInstance(DelegatingConstructorAccessorImpl.java:45)
at java.lang.reflect.Constructor.newInstance(Constructor.java:423)
at org.openqa.selenium.remote.http.W3CHttpResponseCodec.createException(W3CHttpResponseCodec.java:187)
at org.openqa.selenium.remote.http.W3CHttpResponseCodec.decode(W3CHttpResponseCodec.java:122)
at org.openqa.selenium.remote.http.W3CHttpResponseCodec.decode(W3CHttpResponseCodec.java:49)
at org.openqa.selenium.remote.HttpCommandExecutor.execute(HttpCommandExecutor.java:158)
at org.openqa.selenium.remote.service.DriverCommandExecutor.execute(DriverCommandExecutor.java:83)
at org.openqa.selenium.remote.RemoteWebDriver.execute(RemoteWebDriver.java:552)
at org.openqa.selenium.remote.RemoteWebDriver.findElement(RemoteWebDriver.java:323)
at org.openqa.selenium.remote.RemoteWebDriver.findElementByXPath(RemoteWebDriver.java:428)
at org.openqa.selenium.By$ByXPath.findElement(By.java:353)
at org.openqa.selenium.remote.RemoteWebDriver.findElement(RemoteWebDriver.java:315)
at org.openqa.selenium.support.pagefactory.DefaultElementLocator.findElement(DefaultElementLocator.java:69)
at org.openqa.selenium.support.pagefactory.internal.LocatingElementHandler.invoke(LocatingElementHandler.java:38)
at com.sun.proxy.$Proxy17.isDisplayed(Unknown Source)
at org.openqa.selenium.support.ui.ExpectedConditions.elementIfVisible(ExpectedConditions.java:314)
at org.openqa.selenium.support.ui.ExpectedConditions.access$000(ExpectedConditions.java:43)
at org.openqa.selenium.support.ui.ExpectedConditions$10.apply(ExpectedConditions.java:300)
at org.openqa.selenium.support.ui.ExpectedConditions$10.apply(ExpectedConditions.java:297)
at org.openqa.selenium.support.ui.FluentWait.until(FluentWait.java:249)
... 17 more
]]>
            </full-stacktrace>
          </exception> <!-- org.openqa.selenium.TimeoutException -->
          <reporter-output>
          </reporter-output>
        </test-method> <!-- test10 -->
        <test-method status="PASS" signature="end_Testcase()[pri:0, instance:com.radio.test.Regression@3712b94]" name="end_Testcase" is-config="true" duration-ms="83" started-at="2020-04-28T09:49:37 IST" finished-at="2020-04-28T09:49:37 IST">
          <reporter-output>
          </reporter-output>
        </test-method> <!-- end_Testcase -->
        <test-method status="PASS" signature="end_Testcase()[pri:0, instance:com.radio.test.Regression@3712b94]" name="end_Testcase" is-config="true" duration-ms="43" started-at="2020-04-28T09:49:37 IST" finished-at="2020-04-28T09:49:37 IST">
          <reporter-output>
          </reporter-output>
        </test-method> <!-- end_Testcase -->
        <test-method status="PASS" signature="end_Testcase()[pri:0, instance:com.radio.test.Regression@3712b94]" name="end_Testcase" is-config="true" duration-ms="48" started-at="2020-04-28T09:49:58 IST" finished-at="2020-04-28T09:49:58 IST">
          <reporter-output>
          </reporter-output>
        </test-method> <!-- end_Testcase -->
        <test-method status="PASS" signature="finish_Test()[pri:0, instance:com.radio.test.Regression@3712b94]" name="finish_Test" is-config="true" duration-ms="10002" started-at="2020-04-28T09:49:58 IST" finished-at="2020-04-28T09:50:08 IST">
          <reporter-output>
          </reporter-output>
        </test-method> <!-- finish_Test -->
      </class> <!-- com.radio.test.Regression -->
    </test> <!-- Test_Edge -->
    <test name="Test_Chrome" duration-ms="84419" started-at="2020-04-28T09:50:08 IST" finished-at="2020-04-28T09:51:32 IST">
      <class name="com.radio.test.Regression">
        <test-method status="PASS" signature="start_TestSuite()[pri:0, instance:com.radio.test.Regression@59e5ddf]" name="start_TestSuite" is-config="true" duration-ms="111" started-at="2020-04-28T09:46:57 IST" finished-at="2020-04-28T09:46:57 IST">
          <reporter-output>
          </reporter-output>
        </test-method> <!-- start_TestSuite -->
        <test-method status="PASS" signature="setUp_Test(java.lang.String, java.lang.String)[pri:0, instance:com.radio.test.Regression@59e5ddf]" name="setUp_Test" is-config="true" duration-ms="8115" started-at="2020-04-28T09:50:08 IST" finished-at="2020-04-28T09:50:16 IST">
          <params>
            <param index="0">
              <value>
                <![CDATA[chrome]]>
              </value>
            </param>
            <param index="1">
              <value>
                <![CDATA[]]>
              </value>
            </param>
          </params>
          <reporter-output>
          </reporter-output>
        </test-method> <!-- setUp_Test -->
        <test-method status="PASS" signature="set_Prerequisite()[pri:0, instance:com.radio.test.Regression@59e5ddf]" name="set_Prerequisite" is-config="true" duration-ms="3" started-at="2020-04-28T09:50:16 IST" finished-at="2020-04-28T09:50:16 IST">
          <reporter-output>
          </reporter-output>
        </test-method> <!-- set_Prerequisite -->
        <test-method status="PASS" signature="start_Test(java.lang.reflect.Method)[pri:0, instance:com.radio.test.Regression@59e5ddf]" name="start_Test" is-config="true" duration-ms="6" started-at="2020-04-28T09:50:16 IST" finished-at="2020-04-28T09:50:16 IST">
          <params>
            <param index="0">
              <value>
                <![CDATA[public void com.radio.test.Regression.test1()]]>
              </value>
            </param>
          </params>
          <reporter-output>
          </reporter-output>
        </test-method> <!-- start_Test -->
        <test-method status="PASS" signature="test1()[pri:1, instance:com.radio.test.Regression@59e5ddf]" name="test1" duration-ms="608" started-at="2020-04-28T09:50:16 IST" finished-at="2020-04-28T09:50:16 IST">
          <reporter-output>
          </reporter-output>
        </test-method> <!-- test1 -->
        <test-method status="PASS" signature="start_Test(java.lang.reflect.Method)[pri:0, instance:com.radio.test.Regression@59e5ddf]" name="start_Test" is-config="true" duration-ms="1" started-at="2020-04-28T09:50:16 IST" finished-at="2020-04-28T09:50:16 IST">
          <params>
            <param index="0">
              <value>
                <![CDATA[public void com.radio.test.Regression.test3()]]>
              </value>
            </param>
          </params>
          <reporter-output>
          </reporter-output>
        </test-method> <!-- start_Test -->
        <test-method status="FAIL" signature="test3()[pri:3, instance:com.radio.test.Regression@59e5ddf]" name="test3" duration-ms="2717" started-at="2020-04-28T09:50:16 IST" finished-at="2020-04-28T09:50:19 IST">
          <exception class="java.lang.AssertionError">
            <message>
              <![CDATA[did not expect to find [true] but found [false]]]>
            </message>
            <full-stacktrace>
              <![CDATA[java.lang.AssertionError: did not expect to find [true] but found [false]
at org.testng.Assert.fail(Assert.java:97)
at org.testng.Assert.failNotEquals(Assert.java:969)
at org.testng.Assert.assertTrue(Assert.java:43)
at org.testng.Assert.assertTrue(Assert.java:53)
at com.radio.test.Regression.test3(Regression.java:56)
at sun.reflect.NativeMethodAccessorImpl.invoke0(Native Method)
at sun.reflect.NativeMethodAccessorImpl.invoke(NativeMethodAccessorImpl.java:62)
at sun.reflect.DelegatingMethodAccessorImpl.invoke(DelegatingMethodAccessorImpl.java:43)
at java.lang.reflect.Method.invoke(Method.java:498)
at org.testng.internal.MethodInvocationHelper.invokeMethod(MethodInvocationHelper.java:133)
at org.testng.internal.TestInvoker.invokeMethod(TestInvoker.java:584)
at org.testng.internal.TestInvoker.invokeTestMethod(TestInvoker.java:172)
at org.testng.internal.MethodRunner.runInSequence(MethodRunner.java:46)
at org.testng.internal.TestInvoker$MethodInvocationAgent.invoke(TestInvoker.java:804)
at org.testng.internal.TestInvoker.invokeTestMethods(TestInvoker.java:145)
at org.testng.internal.TestMethodWorker.invokeTestMethods(TestMethodWorker.java:146)
at org.testng.internal.TestMethodWorker.run(TestMethodWorker.java:128)
at java.util.concurrent.ThreadPoolExecutor.runWorker(ThreadPoolExecutor.java:1149)
at java.util.concurrent.ThreadPoolExecutor$Worker.run(ThreadPoolExecutor.java:624)
at java.lang.Thread.run(Thread.java:748)
]]>
            </full-stacktrace>
          </exception> <!-- java.lang.AssertionError -->
          <reporter-output>
          </reporter-output>
        </test-method> <!-- test3 -->
        <test-method status="PASS" signature="start_Test(java.lang.reflect.Method)[pri:0, instance:com.radio.test.Regression@59e5ddf]" name="start_Test" is-config="true" duration-ms="2" started-at="2020-04-28T09:50:16 IST" finished-at="2020-04-28T09:50:16 IST">
          <params>
            <param index="0">
              <value>
                <![CDATA[public void com.radio.test.Regression.test2()]]>
              </value>
            </param>
          </params>
          <reporter-output>
          </reporter-output>
        </test-method> <!-- start_Test -->
        <test-method status="FAIL" signature="test2()[pri:2, instance:com.radio.test.Regression@59e5ddf]" name="test2" duration-ms="2765" started-at="2020-04-28T09:50:16 IST" finished-at="2020-04-28T09:50:19 IST">
          <exception class="java.lang.AssertionError">
            <message>
              <![CDATA[did not expect to find [true] but found [false]]]>
            </message>
            <full-stacktrace>
              <![CDATA[java.lang.AssertionError: did not expect to find [true] but found [false]
at org.testng.Assert.fail(Assert.java:97)
at org.testng.Assert.failNotEquals(Assert.java:969)
at org.testng.Assert.assertTrue(Assert.java:43)
at org.testng.Assert.assertTrue(Assert.java:53)
at com.radio.test.Regression.test2(Regression.java:48)
at sun.reflect.NativeMethodAccessorImpl.invoke0(Native Method)
at sun.reflect.NativeMethodAccessorImpl.invoke(NativeMethodAccessorImpl.java:62)
at sun.reflect.DelegatingMethodAccessorImpl.invoke(DelegatingMethodAccessorImpl.java:43)
at java.lang.reflect.Method.invoke(Method.java:498)
at org.testng.internal.MethodInvocationHelper.invokeMethod(MethodInvocationHelper.java:133)
at org.testng.internal.TestInvoker.invokeMethod(TestInvoker.java:584)
at org.testng.internal.TestInvoker.invokeTestMethod(TestInvoker.java:172)
at org.testng.internal.MethodRunner.runInSequence(MethodRunner.java:46)
at org.testng.internal.TestInvoker$MethodInvocationAgent.invoke(TestInvoker.java:804)
at org.testng.internal.TestInvoker.invokeTestMethods(TestInvoker.java:145)
at org.testng.internal.TestMethodWorker.invokeTestMethods(TestMethodWorker.java:146)
at org.testng.internal.TestMethodWorker.run(TestMethodWorker.java:128)
at java.util.concurrent.ThreadPoolExecutor.runWorker(ThreadPoolExecutor.java:1149)
at java.util.concurrent.ThreadPoolExecutor$Worker.run(ThreadPoolExecutor.java:624)
at java.lang.Thread.run(Thread.java:748)
]]>
            </full-stacktrace>
          </exception> <!-- java.lang.AssertionError -->
          <reporter-output>
          </reporter-output>
        </test-method> <!-- test2 -->
        <test-method status="PASS" signature="end_Testcase()[pri:0, instance:com.radio.test.Regression@59e5ddf]" name="end_Testcase" is-config="true" duration-ms="66" started-at="2020-04-28T09:50:16 IST" finished-at="2020-04-28T09:50:17 IST">
          <reporter-output>
          </reporter-output>
        </test-method> <!-- end_Testcase -->
        <test-method status="PASS" signature="start_Test(java.lang.reflect.Method)[pri:0, instance:com.radio.test.Regression@59e5ddf]" name="start_Test" is-config="true" duration-ms="1" started-at="2020-04-28T09:50:17 IST" finished-at="2020-04-28T09:50:17 IST">
          <params>
            <param index="0">
              <value>
                <![CDATA[public void com.radio.test.Regression.test4()]]>
              </value>
            </param>
          </params>
          <reporter-output>
          </reporter-output>
        </test-method> <!-- start_Test -->
        <test-method status="FAIL" signature="test4()[pri:4, instance:com.radio.test.Regression@59e5ddf]" name="test4" duration-ms="2069" started-at="2020-04-28T09:50:17 IST" finished-at="2020-04-28T09:50:19 IST">
          <exception class="java.lang.AssertionError">
            <message>
              <![CDATA[did not expect to find [true] but found [false]]]>
            </message>
            <full-stacktrace>
              <![CDATA[java.lang.AssertionError: did not expect to find [true] but found [false]
at org.testng.Assert.fail(Assert.java:97)
at org.testng.Assert.failNotEquals(Assert.java:969)
at org.testng.Assert.assertTrue(Assert.java:43)
at org.testng.Assert.assertTrue(Assert.java:53)
at com.radio.test.Regression.test4(Regression.java:64)
at sun.reflect.NativeMethodAccessorImpl.invoke0(Native Method)
at sun.reflect.NativeMethodAccessorImpl.invoke(NativeMethodAccessorImpl.java:62)
at sun.reflect.DelegatingMethodAccessorImpl.invoke(DelegatingMethodAccessorImpl.java:43)
at java.lang.reflect.Method.invoke(Method.java:498)
at org.testng.internal.MethodInvocationHelper.invokeMethod(MethodInvocationHelper.java:133)
at org.testng.internal.TestInvoker.invokeMethod(TestInvoker.java:584)
at org.testng.internal.TestInvoker.invokeTestMethod(TestInvoker.java:172)
at org.testng.internal.MethodRunner.runInSequence(MethodRunner.java:46)
at org.testng.internal.TestInvoker$MethodInvocationAgent.invoke(TestInvoker.java:804)
at org.testng.internal.TestInvoker.invokeTestMethods(TestInvoker.java:145)
at org.testng.internal.TestMethodWorker.invokeTestMethods(TestMethodWorker.java:146)
at org.testng.internal.TestMethodWorker.run(TestMethodWorker.java:128)
at java.util.concurrent.ThreadPoolExecutor.runWorker(ThreadPoolExecutor.java:1149)
at java.util.concurrent.ThreadPoolExecutor$Worker.run(ThreadPoolExecutor.java:624)
at java.lang.Thread.run(Thread.java:748)
]]>
            </full-stacktrace>
          </exception> <!-- java.lang.AssertionError -->
          <reporter-output>
          </reporter-output>
        </test-method> <!-- test4 -->
        <test-method status="PASS" signature="end_Testcase()[pri:0, instance:com.radio.test.Regression@59e5ddf]" name="end_Testcase" is-config="true" duration-ms="70" started-at="2020-04-28T09:50:19 IST" finished-at="2020-04-28T09:50:19 IST">
          <reporter-output>
          </reporter-output>
        </test-method> <!-- end_Testcase -->
        <test-method status="PASS" signature="end_Testcase()[pri:0, instance:com.radio.test.Regression@59e5ddf]" name="end_Testcase" is-config="true" duration-ms="144" started-at="2020-04-28T09:50:19 IST" finished-at="2020-04-28T09:50:19 IST">
          <reporter-output>
          </reporter-output>
        </test-method> <!-- end_Testcase -->
        <test-method status="PASS" signature="end_Testcase()[pri:0, instance:com.radio.test.Regression@59e5ddf]" name="end_Testcase" is-config="true" duration-ms="65" started-at="2020-04-28T09:50:19 IST" finished-at="2020-04-28T09:50:19 IST">
          <reporter-output>
          </reporter-output>
        </test-method> <!-- end_Testcase -->
        <test-method status="PASS" signature="start_Test(java.lang.reflect.Method)[pri:0, instance:com.radio.test.Regression@59e5ddf]" name="start_Test" is-config="true" duration-ms="99" started-at="2020-04-28T09:50:19 IST" finished-at="2020-04-28T09:50:19 IST">
          <params>
            <param index="0">
              <value>
                <![CDATA[public void com.radio.test.Regression.test5()]]>
              </value>
            </param>
          </params>
          <reporter-output>
          </reporter-output>
        </test-method> <!-- start_Test -->
        <test-method status="PASS" signature="start_Test(java.lang.reflect.Method)[pri:0, instance:com.radio.test.Regression@59e5ddf]" name="start_Test" is-config="true" duration-ms="52" started-at="2020-04-28T09:50:19 IST" finished-at="2020-04-28T09:50:19 IST">
          <params>
            <param index="0">
              <value>
                <![CDATA[public void com.radio.test.Regression.test6()]]>
              </value>
            </param>
          </params>
          <reporter-output>
          </reporter-output>
        </test-method> <!-- start_Test -->
        <test-method status="FAIL" signature="test6()[pri:6, instance:com.radio.test.Regression@59e5ddf]" name="test6" duration-ms="22085" started-at="2020-04-28T09:50:19 IST" finished-at="2020-04-28T09:50:41 IST">
          <exception class="java.lang.NullPointerException">
            <full-stacktrace>
              <![CDATA[java.lang.NullPointerException
at com.radio.pages.SearchResult.verifySearchGrid(SearchResult.java:46)
at com.radio.test.Regression.test6(Regression.java:77)
at sun.reflect.NativeMethodAccessorImpl.invoke0(Native Method)
at sun.reflect.NativeMethodAccessorImpl.invoke(NativeMethodAccessorImpl.java:62)
[...]
        <test-method status="FAIL" signature="testa1()[pri:7, instance:com.radio.test.Regression@59e5ddf]" name="testa1" duration-ms="11959" started-at="2020-04-28T09:50:19 IST" finished-at="2020-04-28T09:50:31 IST">
          <exception class="org.openqa.selenium.StaleElementReferenceException">
            <message>
              <![CDATA[stale element reference: element is not attached to the page document
  (Session info: chrome=81.0.4044.129)
For documentation on this error, please visit: https://www.seleniumhq.org/exceptions/stale_element_reference.html
Build info: version: '3.141.59', revision: 'e82be7d358', time: '2018-11-14T08:17:03'
System info: host: 'DESKTOP-J6NT3H3', ip: '192.168.0.8', os.name: 'Windows 10', os.arch: 'amd64', os.version: '10.0', java.version: '1.8.0_242'
Driver info: org.openqa.selenium.chrome.ChromeDriver
Capabilities {acceptInsecureCerts: false, browserName: chrome, browserVersion: 81.0.4044.129, chrome: {chromedriverVersion: 81.0.4044.69 (6813546031a4b..., userDataDir: C:\Users\karth\AppData\Loca...}, goog:chromeOptions: {debuggerAddress: localhost:54265}, javascriptEnabled: true, networkConnectionEnabled: false, pageLoadStrategy: normal, platform: WINDOWS, platformName: WINDOWS, proxy: Proxy(), setWindowRect: true, strictFileInteractability: false, timeouts: {implicit: 0, pageLoad: 300000, script: 30000}, unhandledPromptBehavior: dismiss and notify, webauthn:virtualAuthenticators: true}
Session ID: 6dcf96735bf13ef980b0874403606c49]]>
            </message>
            <full-stacktrace>
              <![CDATA[org.openqa.selenium.StaleElementReferenceException: stale element reference: element is not attached to the page document
  (Session info: chrome=81.0.4044.129)
For documentation on this error, please visit: https://www.seleniumhq.org/exceptions/stale_element_reference.html
Build info: version: '3.141.59', revision: 'e82be7d358', time: '2018-11-14T08:17:03'
System info: host: 'DESKTOP-J6NT3H3', ip: '192.168.0.8', os.name: 'Windows 10', os.arch: 'amd64', os.version: '10.0', java.version: '1.8.0_242'
Driver info: org.openqa.selenium.chrome.ChromeDriver
Capabilities {acceptInsecureCerts: false, browserName: chrome, browserVersion: 81.0.4044.129, chrome: {chromedriverVersion: 81.0.4044.69 (6813546031a4b..., userDataDir: C:\Users\karth\AppData\Loca...}, goog:chromeOptions: {debuggerAddress: localhost:54265}, javascriptEnabled: true, networkConnectionEnabled: false, pageLoadStrategy: normal, platform: WINDOWS, platformName: WINDOWS, proxy: Proxy(), setWindowRect: true, strictFileInteractability: false, timeouts: {implicit: 0, pageLoad: 300000, script: 30000}, unhandledPromptBehavior: dismiss and notify, webauthn:virtualAuthenticators: true}
Session ID: 6dcf96735bf13ef980b0874403606c49
at sun.reflect.NativeConstructorAccessorImpl.newInstance0(Native Method)
at sun.reflect.NativeConstructorAccessorImpl.newInstance(NativeConstructorAccessorImpl.java:62)
at sun.reflect.DelegatingConstructorAccessorImpl.newInstance(DelegatingConstructorAccessorImpl.java:45)
at java.lang.reflect.Constructor.newInstance(Constructor.java:423)
at org.openqa.selenium.remote.http.W3CHttpResponseCodec.createException(W3CHttpResponseCodec.java:187)
at org.openqa.selenium.remote.http.W3CHttpResponseCodec.decode(W3CHttpResponseCodec.java:122)
at org.openqa.selenium.remote.http.W3CHttpResponseCodec.decode(W3CHttpResponseCodec.java:49)
at org.openqa.selenium.remote.HttpCommandExecutor.execute(HttpCommandExecutor.java:158)
at org.openqa.selenium.remote.service.DriverCommandExecutor.execute(DriverCommandExecutor.java:83)
at org.openqa.selenium.remote.RemoteWebDriver.execute(RemoteWebDriver.java:552)
at org.openqa.selenium.remote.RemoteWebElement.execute(RemoteWebElement.java:285)
at org.openqa.selenium.remote.RemoteWebElement.sendKeys(RemoteWebElement.java:106)
at sun.reflect.NativeMethodAccessorImpl.invoke0(Native Method)
at sun.reflect.NativeMethodAccessorImpl.invoke(NativeMethodAccessorImpl.java:62)
at sun.reflect.DelegatingMethodAccessorImpl.invoke(DelegatingMethodAccessorImpl.java:43)
at java.lang.reflect.Method.invoke(Method.java:498)
at org.openqa.selenium.support.pagefactory.internal.LocatingElementHandler.invoke(LocatingElementHandler.java:51)
at com.sun.proxy.$Proxy17.sendKeys(Unknown Source)
at com.radio.pages.Homepage.enterDescription(Homepage.java:46)
at com.radio.test.Regression.testa1(Regression.java:84)
at sun.reflect.NativeMethodAccessorImpl.invoke0(Native Method)
at sun.reflect.NativeMethodAccessorImpl.invoke(NativeMethodAccessorImpl.java:62)
at sun.reflect.DelegatingMethodAccessorImpl.invoke(DelegatingMethodAccessorImpl.java:43)
at java.lang.reflect.Method.invoke(Method.java:498)
at org.testng.internal.MethodInvocationHelper.invokeMethod(MethodInvocationHelper.java:133)
at org.testng.internal.TestInvoker.invokeMethod(TestInvoker.java:584)
at org.testng.internal.TestInvoker.invokeTestMethod(TestInvoker.java:172)
at org.testng.internal.MethodRunner.runInSequence(MethodRunner.java:46)
at org.testng.internal.TestInvoker$MethodInvocationAgent.invoke(TestInvoker.java:804)
at org.testng.internal.TestInvoker.invokeTestMethods(TestInvoker.java:145)
at org.testng.internal.TestMethodWorker.invokeTestMethods(TestMethodWorker.java:146)
at org.testng.internal.TestMethodWorker.run(TestMethodWorker.java:128)
at java.util.concurrent.ThreadPoolExecutor.runWorker(ThreadPoolExecutor.java:1149)
at java.util.concurrent.ThreadPoolExecutor$Worker.run(ThreadPoolExecutor.java:624)
at java.lang.Thread.run(Thread.java:748)
]]>
            </full-stacktrace>
          </exception> <!-- org.openqa.selenium.StaleElementReferenceException -->
          <reporter-output>
          </reporter-output>
        </test-method> <!-- testa1 -->
        <test-method status="PASS" signature="end_Testcase()[pri:0, instance:com.radio.test.Regression@59e5ddf]" name="end_Testcase" is-config="true" duration-ms="73" started-at="2020-04-28T09:50:29 IST" finished-at="2020-04-28T09:50:29 IST">
          <reporter-output>
          </reporter-output>
        </test-method> <!-- end_Testcase -->
        <test-method status="PASS" signature="start_Test(java.lang.reflect.Method)[pri:0, instance:com.radio.test.Regression@59e5ddf]" name="start_Test" is-config="true" duration-ms="4" started-at="2020-04-28T09:50:29 IST" finished-at="2020-04-28T09:50:29 IST">
          <params>
            <param index="0">
              <value>
                <![CDATA[public void com.radio.test.Regression.test7()]]>
              </value>
            </param>
          </params>
          <reporter-output>
          </reporter-output>
        </test-method> <!-- start_Test -->
        <test-method status="PASS" signature="test7()[pri:8, instance:com.radio.test.Regression@59e5ddf]" name="test7" duration-ms="11685" started-at="2020-04-28T09:50:29 IST" finished-at="2020-04-28T09:50:41 IST">
          <reporter-output>
          </reporter-output>
        </test-method> <!-- test7 -->
        <test-method status="PASS" signature="end_Testcase()[pri:0, instance:com.radio.test.Regression@59e5ddf]" name="end_Testcase" is-config="true" duration-ms="71" started-at="2020-04-28T09:50:31 IST" finished-at="2020-04-28T09:50:31 IST">
          <reporter-output>
          </reporter-output>
        </test-method> <!-- end_Testcase -->
        <test-method status="PASS" signature="start_Test(java.lang.reflect.Method)[pri:0, instance:com.radio.test.Regression@59e5ddf]" name="start_Test" is-config="true" duration-ms="3" started-at="2020-04-28T09:50:31 IST" finished-at="2020-04-28T09:50:31 IST">
          <params>
            <param index="0">
              <value>
                <![CDATA[public void com.radio.test.Regression.test8() throws java.lang.InterruptedException]]>
              </value>
            </param>
          </params>
          <reporter-output>
          </reporter-output>
        </test-method> <!-- start_Test -->
        <test-method status="PASS" signature="test8()[pri:9, instance:com.radio.test.Regression@59e5ddf]" name="test8" duration-ms="30562" started-at="2020-04-28T09:50:31 IST" finished-at="2020-04-28T09:51:01 IST">
          <reporter-output>
          </reporter-output>
        </test-method> <!-- test8 -->
        <test-method status="PASS" signature="end_Testcase()[pri:0, instance:com.radio.test.Regression@59e5ddf]" name="end_Testcase" is-config="true" duration-ms="79" started-at="2020-04-28T09:50:41 IST" finished-at="2020-04-28T09:50:41 IST">
          <reporter-output>
          </reporter-output>
        </test-method> <!-- end_Testcase -->
        <test-method status="PASS" signature="start_Test(java.lang.reflect.Method)[pri:0, instance:com.radio.test.Regression@59e5ddf]" name="start_Test" is-config="true" duration-ms="1" started-at="2020-04-28T09:50:41 IST" finished-at="2020-04-28T09:50:41 IST">
          <params>
            <param index="0">
              <value>
                <![CDATA[public void com.radio.test.Regression.test9() throws java.lang.InterruptedException]]>
              </value>
            </param>
          </params>
          <reporter-output>
          </reporter-output>
        </test-method> <!-- start_Test -->
        <test-method status="FAIL" signature="test9()[pri:10, instance:com.radio.test.Regression@59e5ddf]" name="test9" duration-ms="20849" started-at="2020-04-28T09:50:41 IST" finished-at="2020-04-28T09:51:02 IST">
          <exception class="java.lang.AssertionError">
            <message>
              <![CDATA[expected [Job Category] but found [Category]]]>
            </message>
            <full-stacktrace>
              <![CDATA[java.lang.AssertionError: expected [Job Category] but found [Category]
at org.testng.Assert.fail(Assert.java:97)
at org.testng.Assert.assertEqualsImpl(Assert.java:136)
at org.testng.Assert.assertEquals(Assert.java:118)
at org.testng.Assert.assertEquals(Assert.java:575)
at org.testng.Assert.assertEquals(Assert.java:585)
at com.radio.pages.Signup.verifyAllLabels(Signup.java:104)
at com.radio.test.Regression.test9(Regression.java:107)
at sun.reflect.NativeMethodAccessorImpl.invoke0(Native Method)
at sun.reflect.NativeMethodAccessorImpl.invoke(NativeMethodAccessorImpl.java:62)
at sun.reflect.DelegatingMethodAccessorImpl.invoke(DelegatingMethodAccessorImpl.java:43)
at java.lang.reflect.Method.invoke(Method.java:498)
at org.testng.internal.MethodInvocationHelper.invokeMethod(MethodInvocationHelper.java:133)
at org.testng.internal.TestInvoker.invokeMethod(TestInvoker.java:584)
at org.testng.internal.TestInvoker.invokeTestMethod(TestInvoker.java:172)
at org.testng.internal.MethodRunner.runInSequence(MethodRunner.java:46)
at org.testng.internal.TestInvoker$MethodInvocationAgent.invoke(TestInvoker.java:804)
at org.testng.internal.TestInvoker.invokeTestMethods(TestInvoker.java:145)
at org.testng.internal.TestMethodWorker.invokeTestMethods(TestMethodWorker.java:146)
at org.testng.internal.TestMethodWorker.run(TestMethodWorker.java:128)
at java.util.concurrent.ThreadPoolExecutor.runWorker(ThreadPoolExecutor.java:1149)
at java.util.concurrent.ThreadPoolExecutor$Worker.run(ThreadPoolExecutor.java:624)
at java.lang.Thread.run(Thread.java:748)
]]>
            </full-stacktrace>
          </exception> <!-- java.lang.AssertionError -->
          <reporter-output>
          </reporter-output>
        </test-method> <!-- test9 -->
        <test-method status="PASS" signature="end_Testcase()[pri:0, instance:com.radio.test.Regression@59e5ddf]" name="end_Testcase" is-config="true" duration-ms="118" started-at="2020-04-28T09:50:41 IST" finished-at="2020-04-28T09:50:41 IST">
          <reporter-output>
          </reporter-output>
        </test-method> <!-- end_Testcase -->
        <test-method status="PASS" signature="start_Test(java.lang.reflect.Method)[pri:0, instance:com.radio.test.Regression@59e5ddf]" name="start_Test" is-config="true" duration-ms="2" started-at="2020-04-28T09:50:41 IST" finished-at="2020-04-28T09:50:41 IST">
          <params>
            <param index="0">
              <value>
                <![CDATA[public void com.radio.test.Regression.test10() throws java.lang.InterruptedException]]>
              </value>
            </param>
          </params>
          <reporter-output>
          </reporter-output>
        </test-method> <!-- start_Test -->
        <test-method status="FAIL" signature="test10()[pri:11, instance:com.radio.test.Regression@59e5ddf]" name="test10" duration-ms="41138" started-at="2020-04-28T09:50:41 IST" finished-at="2020-04-28T09:51:22 IST">
          <exception class="org.openqa.selenium.TimeoutException">
            <message>
              <![CDATA[Expected condition failed: waiting for visibility of Proxy element for: DefaultElementLocator 'By.xpath: //form[@class = 'data-form hidden-ja-form ']//select[@id='form-field-96164c2dd1']' (tried for 30 second(s) with 500 milliseconds interval)]]>
            </message>
            <full-stacktrace>
              <![CDATA[org.openqa.selenium.TimeoutException: Expected condition failed: waiting for visibility of Proxy element for: DefaultElementLocator 'By.xpath: //form[@class = 'data-form hidden-ja-form ']//select[@id='form-field-96164c2dd1']' (tried for 30 second(s) with 500 milliseconds interval)
at org.openqa.selenium.support.ui.WebDriverWait.timeoutException(WebDriverWait.java:95)
at org.openqa.selenium.support.ui.FluentWait.until(FluentWait.java:272)
at com.radio.pages.Signup.select_MeetinPerson(Signup.java:115)
at com.radio.test.Regression.test10(Regression.java:113)
at sun.reflect.NativeMethodAccessorImpl.invoke0(Native Method)
at sun.reflect.NativeMethodAccessorImpl.invoke(NativeMethodAccessorImpl.java:62)
at sun.reflect.DelegatingMethodAccessorImpl.invoke(DelegatingMethodAccessorImpl.java:43)
at java.lang.reflect.Method.invoke(Method.java:498)
at org.testng.internal.MethodInvocationHelper.invokeMethod(MethodInvocationHelper.java:133)
at org.testng.internal.TestInvoker.invokeMethod(TestInvoker.java:584)
at org.testng.internal.TestInvoker.invokeTestMethod(TestInvoker.java:172)
at org.testng.internal.MethodRunner.runInSequence(MethodRunner.java:46)
at org.testng.internal.TestInvoker$MethodInvocationAgent.invoke(TestInvoker.java:804)
at org.testng.internal.TestInvoker.invokeTestMethods(TestInvoker.java:145)
at org.testng.internal.TestMethodWorker.invokeTestMethods(TestMethodWorker.java:146)
at org.testng.internal.TestMethodWorker.run(TestMethodWorker.java:128)
at java.util.concurrent.ThreadPoolExecutor.runWorker(ThreadPoolExecutor.java:1149)
at java.util.concurrent.ThreadPoolExecutor$Worker.run(ThreadPoolExecutor.java:624)
at java.lang.Thread.run(Thread.java:748)
Caused by: org.openqa.selenium.NoSuchElementException: no such element: Unable to locate element: {"method":"xpath","selector":"//form[@class = 'data-form hidden-ja-form ']//select[@id='form-field-96164c2dd1']"}
  (Session info: chrome=81.0.4044.129)
For documentation on this error, please visit: https://www.seleniumhq.org/exceptions/no_such_element.html
Build info: version: '3.141.59', revision: 'e82be7d358', time: '2018-11-14T08:17:03'
System info: host: 'DESKTOP-J6NT3H3', ip: '192.168.0.8', os.name: 'Windows 10', os.arch: 'amd64', os.version: '10.0', java.version: '1.8.0_242'
Driver info: org.openqa.selenium.chrome.ChromeDriver
Capabilities {acceptInsecureCerts: false, browserName: chrome, browserVersion: 81.0.4044.129, chrome: {chromedriverVersion: 81.0.4044.69 (6813546031a4b..., userDataDir: C:\Users\karth\AppData\Loca...}, goog:chromeOptions: {debuggerAddress: localhost:54265}, javascriptEnabled: true, networkConnectionEnabled: false, pageLoadStrategy: normal, platform: WINDOWS, platformName: WINDOWS, proxy: Proxy(), setWindowRect: true, strictFileInteractability: false, timeouts: {implicit: 0, pageLoad: 300000, script: 30000}, unhandledPromptBehavior: dismiss and notify, webauthn:virtualAuthenticators: true}
Session ID: 6dcf96735bf13ef980b0874403606c49
*** Element info: {Using=xpath, value=//form[@class = 'data-form hidden-ja-form ']//select[@id='form-field-96164c2dd1']}
at sun.reflect.GeneratedConstructorAccessor21.newInstance(Unknown Source)
at sun.reflect.DelegatingConstructorAccessorImpl.newInstance(DelegatingConstructorAccessorImpl.java:45)
at java.lang.reflect.Constructor.newInstance(Constructor.java:423)
at org.openqa.selenium.remote.http.W3CHttpResponseCodec.createException(W3CHttpResponseCodec.java:187)
at org.openqa.selenium.remote.http.W3CHttpResponseCodec.decode(W3CHttpResponseCodec.java:122)
at org.openqa.selenium.remote.http.W3CHttpResponseCodec.decode(W3CHttpResponseCodec.java:49)
at org.openqa.selenium.remote.HttpCommandExecutor.execute(HttpCommandExecutor.java:158)
at org.openqa.selenium.remote.service.DriverCommandExecutor.execute(DriverCommandExecutor.java:83)
at org.openqa.selenium.remote.RemoteWebDriver.execute(RemoteWebDriver.java:552)
at org.openqa.selenium.remote.RemoteWebDriver.findElement(RemoteWebDriver.java:323)
at org.openqa.selenium.remote.RemoteWebDriver.findElementByXPath(RemoteWebDriver.java:428)
at org.openqa.selenium.By$ByXPath.findElement(By.java:353)
at org.openqa.selenium.remote.RemoteWebDriver.findElement(RemoteWebDriver.java:315)
at org.openqa.selenium.support.pagefactory.DefaultElementLocator.findElement(DefaultElementLocator.java:69)
at org.openqa.selenium.support.pagefactory.internal.LocatingElementHandler.invoke(LocatingElementHandler.java:38)
at com.sun.proxy.$Proxy17.isDisplayed(Unknown Source)
at org.openqa.selenium.support.ui.ExpectedConditions.elementIfVisible(ExpectedConditions.java:314)
at org.openqa.selenium.support.ui.ExpectedConditions.access$000(ExpectedConditions.java:43)
at org.openqa.selenium.support.ui.ExpectedConditions$10.apply(ExpectedConditions.java:300)
at org.openqa.selenium.support.ui.ExpectedConditions$10.apply(ExpectedConditions.java:297)
at org.openqa.selenium.support.ui.FluentWait.until(FluentWait.java:249)
... 17 more
]]>
            </full-stacktrace>
          </exception> <!-- org.openqa.selenium.TimeoutException -->
          <reporter-output>
          </reporter-output>
        </test-method> <!-- test10 -->
        <test-method status="PASS" signature="end_Testcase()[pri:0, instance:com.radio.test.Regression@59e5ddf]" name="end_Testcase" is-config="true" duration-ms="78" started-at="2020-04-28T09:51:01 IST" finished-at="2020-04-28T09:51:01 IST">
          <reporter-output>
          </reporter-output>
        </test-method> <!-- end_Testcase -->
        <test-method status="PASS" signature="end_Testcase()[pri:0, instance:com.radio.test.Regression@59e5ddf]" name="end_Testcase" is-config="true" duration-ms="51" started-at="2020-04-28T09:51:02 IST" finished-at="2020-04-28T09:51:02 IST">
          <reporter-output>
          </reporter-output>
        </test-method> <!-- end_Testcase -->
        <test-method status="PASS" signature="end_Testcase()[pri:0, instance:com.radio.test.Regression@59e5ddf]" name="end_Testcase" is-config="true" duration-ms="45" started-at="2020-04-28T09:51:22 IST" finished-at="2020-04-28T09:51:22 IST">
          <reporter-output>
          </reporter-output>
        </test-method> <!-- end_Testcase -->
        <test-method status="PASS" signature="finish_Test()[pri:0, instance:com.radio.test.Regression@59e5ddf]" name="finish_Test" is-config="true" duration-ms="10000" started-at="2020-04-28T09:51:22 IST" finished-at="2020-04-28T09:51:32 IST">
          <reporter-output>
          </reporter-output>
        </test-method> <!-- finish_Test -->
        <test-method status="PASS" signature="end_TestSuite()[pri:0, instance:com.radio.test.Regression@59e5ddf]" name="end_TestSuite" is-config="true" duration-ms="1053" started-at="2020-04-28T09:51:32 IST" finished-at="2020-04-28T09:51:33 IST">
          <reporter-output>
          </reporter-output>
        </test-method> <!-- end_TestSuite -->
      </class> <!-- com.radio.test.Regression -->
    </test> <!-- Test_Chrome -->
  </suite> <!-- com.wellsfargo.test -->
</testng-results>
